Using pre-set license
Built from '2020.3/staging' branch; Version is '2020.3.25f1 (9b9180224418) revision 10195328'; Using compiler version '192528614'; Build Type 'Release'
OS: 'Windows 10  (10.0.19042) 64bit Professional' Language: 'fr' Physical Memory: 32487 MB
BatchMode: 1, IsHumanControllingUs: 0, StartBugReporterOnCrash: 0, Is64bit: 1, IsPro: 0

COMMAND LINE ARGUMENTS:
C:\Program Files\Unity\Hub\Editor\2020.3.25f1\Editor\Unity.exe
-adb2
-batchMode
-noUpm
-name
AssetImportWorker0
-projectPath
C:/Users/elst/Documents/Unity/MAO_Core
-logFile
Logs/AssetImportWorker0.log
-srvPort
59011
Successfully changed project path to: C:/Users/elst/Documents/Unity/MAO_Core
C:/Users/elst/Documents/Unity/MAO_Core
Using Asset Import Pipeline V2.
Refreshing native plugins compatible for Editor in 47.51 ms, found 7 plugins.
Preloading 0 native plugins for Editor in 0.00 ms.
Initialize engine version: 2020.3.25f1 (9b9180224418)
[Subsystems] Discovering subsystems at path C:/Program Files/Unity/Hub/Editor/2020.3.25f1/Editor/Data/Resources/UnitySubsystems
[Subsystems] Discovering subsystems at path C:/Users/elst/Documents/Unity/MAO_Core/Assets
GfxDevice: creating device client; threaded=0
Direct3D:
    Version:  Direct3D 11.0 [level 11.1]
    Renderer: NVIDIA GeForce RTX 3080 Ti (ID=0x2208)
    Vendor:   
    VRAM:     12108 MB
    Driver:   30.0.14.7212
Initialize mono
Mono path[0] = 'C:/Program Files/Unity/Hub/Editor/2020.3.25f1/Editor/Data/Managed'
Mono path[1] = 'C:/Program Files/Unity/Hub/Editor/2020.3.25f1/Editor/Data/MonoBleedingEdge/lib/mono/unityjit'
Mono config path = 'C:/Program Files/Unity/Hub/Editor/2020.3.25f1/Editor/Data/MonoBleedingEdge/etc'
Using monoOptions --debugger-agent=transport=dt_socket,embedding=1,server=y,suspend=n,address=127.0.0.1:56584
Begin MonoManager ReloadAssembly
Registering precompiled unity dll's ...
Register platform support module: C:/Program Files/Unity/Hub/Editor/2020.3.25f1/Editor/Data/PlaybackEngines/WebGLSupport/UnityEditor.WebGL.Extensions.dll
Register platform support module: C:/Program Files/Unity/Hub/Editor/2020.3.25f1/Editor/Data/PlaybackEngines/WindowsStandaloneSupport/UnityEditor.WindowsStandalone.Extensions.dll
Registered in 0.002046 seconds.
Native extension for WindowsStandalone target not found
Native extension for WebGL target not found
Refreshing native plugins compatible for Editor in 38.51 ms, found 7 plugins.
Preloading 0 native plugins for Editor in 0.00 ms.
Mono: successfully reloaded assembly
- Completed reload, in  0.467 seconds
Domain Reload Profiling:
	ReloadAssembly (467ms)
		BeginReloadAssembly (42ms)
			ExecutionOrderSort (0ms)
			DisableScriptedObjects (0ms)
			BackupInstance (0ms)
			ReleaseScriptingObjects (0ms)
			CreateAndSetChildDomain (1ms)
		EndReloadAssembly (365ms)
			LoadAssemblies (41ms)
			RebuildTransferFunctionScriptingTraits (0ms)
			SetupTypeCache (118ms)
			ReleaseScriptCaches (0ms)
			RebuildScriptCaches (24ms)
			SetupLoadedEditorAssemblies (144ms)
				LogAssemblyErrors (0ms)
				InitializePlatformSupportModulesInManaged (4ms)
				SetLoadedEditorAssemblies (0ms)
				RefreshPlugins (39ms)
				BeforeProcessingInitializeOnLoad (13ms)
				ProcessInitializeOnLoadAttributes (67ms)
				ProcessInitializeOnLoadMethodAttributes (22ms)
				AfterProcessingInitializeOnLoad (0ms)
				EditorAssembliesLoaded (0ms)
			ExecutionOrderSort2 (0ms)
			AwakeInstancesAfterBackupRestoration (0ms)
Platform modules already initialized, skipping
Registering precompiled user dll's ...
Registered in 0.006465 seconds.
Begin MonoManager ReloadAssembly
Native extension for WindowsStandalone target not found
Native extension for WebGL target not found
Refreshing native plugins compatible for Editor in 37.16 ms, found 7 plugins.
Preloading 0 native plugins for Editor in 0.00 ms.
Mono: successfully reloaded assembly
- Completed reload, in  0.955 seconds
Domain Reload Profiling:
	ReloadAssembly (956ms)
		BeginReloadAssembly (114ms)
			ExecutionOrderSort (0ms)
			DisableScriptedObjects (4ms)
			BackupInstance (0ms)
			ReleaseScriptingObjects (0ms)
			CreateAndSetChildDomain (16ms)
		EndReloadAssembly (793ms)
			LoadAssemblies (73ms)
			RebuildTransferFunctionScriptingTraits (0ms)
			SetupTypeCache (246ms)
			ReleaseScriptCaches (0ms)
			RebuildScriptCaches (39ms)
			SetupLoadedEditorAssemblies (333ms)
				LogAssemblyErrors (0ms)
				InitializePlatformSupportModulesInManaged (4ms)
				SetLoadedEditorAssemblies (0ms)
				RefreshPlugins (37ms)
				BeforeProcessingInitializeOnLoad (72ms)
				ProcessInitializeOnLoadAttributes (207ms)
				ProcessInitializeOnLoadMethodAttributes (9ms)
				AfterProcessingInitializeOnLoad (5ms)
				EditorAssembliesLoaded (0ms)
			ExecutionOrderSort2 (0ms)
			AwakeInstancesAfterBackupRestoration (5ms)
Platform modules already initialized, skipping
========================================================================
Worker process is ready to serve import requests
Launched and connected shader compiler UnityShaderCompiler.exe after 0.04 seconds
Refreshing native plugins compatible for Editor in 0.64 ms, found 7 plugins.
Preloading 0 native plugins for Editor in 0.00 ms.
Unloading 2321 Unused Serialized files (Serialized files now loaded: 0)
System memory in use before: 109.6 MB.
System memory in use after: 109.8 MB.

Unloading 45 unused Assets to reduce memory usage. Loaded Objects now: 2757.
Total: 2.671400 ms (FindLiveObjects: 0.186600 ms CreateObjectMapping: 0.094900 ms MarkObjects: 2.331100 ms  DeleteObjects: 0.057700 ms)

AssetImportParameters requested are different than current active one (requested -> active):
  custom:framework-win-MediaFoundation: 216162199b28c13a410421893ffa2e32 -> 
  custom:video-decoder-ogg-theora: a1e56fd34408186e4bbccfd4996cb3dc -> 
  custom:container-muxer-webm: aa71ff27fc2769a1b78a27578f13a17b -> 
  custom:container-demuxer-webm: 4f35f7cbe854078d1ac9338744f61a02 -> 
  custom:container-demuxer-ogg: 62fdf1f143b41e24485cea50d1cbac27 -> 
  custom:video-encoder-webm-vp8: eb34c28f22e8b96e1ab97ce403110664 -> 
  custom:video-codec-MediaFoundation-h265: 746d11721c4dcdbdad8f713fa42b33f4 -> 
  custom:video-decoder-webm-vp8: 9c59270c3fd7afecdb556c50c9e8de78 -> 
  custom:audio-decoder-ogg-vorbis: bf7c407c2cedff20999df2af8eb42d56 -> 
  custom:audio-encoder-webm-vorbis: bf7c407c2cedff20999df2af8eb42d56 -> 
========================================================================
Received Import Request.
  path: Assets/InternetAssets
  artifactKey: Guid(61d62f260bba3764d9b96b17fa63a4a8) Importer(815301076,1909f56bfc062723c751e8b465ee728b)
Start importing Assets/InternetAssets using Guid(61d62f260bba3764d9b96b17fa63a4a8) Importer(815301076,1909f56bfc062723c751e8b465ee728b)  -> (artifact id: 'c338e8839ba569fef798447d9f367d4c') in 0.008644 seconds 
  Import took 0.011706 seconds .

========================================================================
Received Import Request.
  Time since last request: 1.339689 seconds.
  path: Assets/InternetAssets/BrokenVector
  artifactKey: Guid(c0c97392de0d41a41b73b7cfa35f112e) Importer(815301076,1909f56bfc062723c751e8b465ee728b)
Start importing Assets/InternetAssets/BrokenVector using Guid(c0c97392de0d41a41b73b7cfa35f112e) Importer(815301076,1909f56bfc062723c751e8b465ee728b)  -> (artifact id: 'ace4458b12599b9a936aad6b4cf30749') in 0.010213 seconds 
  Import took 0.014575 seconds .

========================================================================
Received Import Request.
  Time since last request: 1.029680 seconds.
  path: Assets/InternetAssets/BrokenVector/LowPolyRockPack
  artifactKey: Guid(e14691502465d494ca35369ff1ed1a59) Importer(815301076,1909f56bfc062723c751e8b465ee728b)
Start importing Assets/InternetAssets/BrokenVector/LowPolyRockPack using Guid(e14691502465d494ca35369ff1ed1a59) Importer(815301076,1909f56bfc062723c751e8b465ee728b)  -> (artifact id: '90c6b026708f5e3db1a29cec32a04a74') in 0.006999 seconds 
  Import took 0.011134 seconds .

========================================================================
Received Import Request.
  Time since last request: 1.882793 seconds.
  path: Assets/InternetAssets/BrokenVector/LowPolyTreePack
  artifactKey: Guid(5c03e8e5d1b00e84ab44c6b1ea6a916d) Importer(815301076,1909f56bfc062723c751e8b465ee728b)
Start importing Assets/InternetAssets/BrokenVector/LowPolyTreePack using Guid(5c03e8e5d1b00e84ab44c6b1ea6a916d) Importer(815301076,1909f56bfc062723c751e8b465ee728b)  -> (artifact id: '60541b92dd77baf0c1cb467ed685eab2') in 0.010865 seconds 
  Import took 0.014539 seconds .

========================================================================
Received Import Request.
  Time since last request: 2.114511 seconds.
  path: Assets/InternetAssets/BrokenVector/LowPolyTreePack/Textures
  artifactKey: Guid(7fea8496ca1caf7469627f7263cec5fc) Importer(815301076,1909f56bfc062723c751e8b465ee728b)
Start importing Assets/InternetAssets/BrokenVector/LowPolyTreePack/Textures using Guid(7fea8496ca1caf7469627f7263cec5fc) Importer(815301076,1909f56bfc062723c751e8b465ee728b)  -> (artifact id: '36ce9aff47b6c1895ab44bc5640c270e') in 0.007489 seconds 
  Import took 0.011424 seconds .

========================================================================
Received Import Request.
  Time since last request: 0.055783 seconds.
  path: Assets/InternetAssets/BrokenVector/LowPolyTreePack/Textures/Colorsheet Tree Normal.png
  artifactKey: Guid(8ba8b94b5ab0c214fa2810a7df98a1a9) Importer(815301076,1909f56bfc062723c751e8b465ee728b)
Start importing Assets/InternetAssets/BrokenVector/LowPolyTreePack/Textures/Colorsheet Tree Normal.png using Guid(8ba8b94b5ab0c214fa2810a7df98a1a9) Importer(815301076,1909f56bfc062723c751e8b465ee728b)  -> (artifact id: 'cafa01b8c7da4a61711f40bf46d9d967') in 0.048379 seconds 
  Import took 0.051601 seconds .

========================================================================
Received Import Request.
  Time since last request: 21.160513 seconds.
  path: Assets/Scenes/SceneMAO-Standalone.unity
  artifactKey: Guid(049b14f01bad11142a62c18cd56a7e01) Importer(815301076,1909f56bfc062723c751e8b465ee728b)
Start importing Assets/Scenes/SceneMAO-Standalone.unity using Guid(049b14f01bad11142a62c18cd56a7e01) Importer(815301076,1909f56bfc062723c751e8b465ee728b)  -> (artifact id: '339175318c8f3f405b4764a15c79232d') in 0.009212 seconds 
  Import took 0.012846 seconds .

========================================================================
Received Import Request.
  Time since last request: 8.894872 seconds.
  path: Assets/Scenes/SampleSceneMAO-Standalone.unity
  artifactKey: Guid(049b14f01bad11142a62c18cd56a7e01) Importer(815301076,1909f56bfc062723c751e8b465ee728b)
Start importing Assets/Scenes/SampleSceneMAO-Standalone.unity using Guid(049b14f01bad11142a62c18cd56a7e01) Importer(815301076,1909f56bfc062723c751e8b465ee728b)  -> (artifact id: '7006e9e553b41d29110002b3f8997bbd') in 0.007567 seconds 
  Import took 0.011280 seconds .

========================================================================
Received Import Request.
  Time since last request: 3.035871 seconds.
  path: Assets/Scenes/SceneMAO1
  artifactKey: Guid(53dcc63040a5f43409816ad2476c0037) Importer(815301076,1909f56bfc062723c751e8b465ee728b)
Start importing Assets/Scenes/SceneMAO1 using Guid(53dcc63040a5f43409816ad2476c0037) Importer(815301076,1909f56bfc062723c751e8b465ee728b)  -> (artifact id: 'f669b48d44d6f50e882dd7075010e5e1') in 0.006602 seconds 
  Import took 0.009953 seconds .

========================================================================
Received Import Request.
  Time since last request: 3.314574 seconds.
  path: Assets/Scenes/SceneMAO1/LightingData.asset
  artifactKey: Guid(4236f050b093c9c4188b5317563af0ad) Importer(815301076,1909f56bfc062723c751e8b465ee728b)
Start importing Assets/Scenes/SceneMAO1/LightingData.asset using Guid(4236f050b093c9c4188b5317563af0ad) Importer(815301076,1909f56bfc062723c751e8b465ee728b)  -> (artifact id: '2d90a0ee4e8df5fb9547dd585fc0f7db') in 0.008619 seconds 
  Import took 0.012286 seconds .

========================================================================
Received Import Request.
  Time since last request: 0.000185 seconds.
  path: Assets/Scenes/SceneMAO1/Lightmap-2_comp_shadowmask.png
  artifactKey: Guid(5d67b536d1d650f47b2386e69ab34fb8) Importer(815301076,1909f56bfc062723c751e8b465ee728b)
Start importing Assets/Scenes/SceneMAO1/Lightmap-2_comp_shadowmask.png using Guid(5d67b536d1d650f47b2386e69ab34fb8) Importer(815301076,1909f56bfc062723c751e8b465ee728b)  -> (artifact id: '062c6c91be654ece20a1053049b9caf5') in 0.024035 seconds 
  Import took 0.026975 seconds .

========================================================================
Received Import Request.
  Time since last request: 0.000144 seconds.
  path: Assets/Scenes/SceneMAO1/Lightmap-1_comp_shadowmask.png
  artifactKey: Guid(e46736baae938af419b7c05434d37637) Importer(815301076,1909f56bfc062723c751e8b465ee728b)
Start importing Assets/Scenes/SceneMAO1/Lightmap-1_comp_shadowmask.png using Guid(e46736baae938af419b7c05434d37637) Importer(815301076,1909f56bfc062723c751e8b465ee728b)  -> (artifact id: '9d8bea79cd9ef0830297b671db4149b8') in 0.014137 seconds 
  Import took 0.017185 seconds .

========================================================================
Received Import Request.
  Time since last request: 0.000142 seconds.
  path: Assets/Scenes/SceneMAO1/Lightmap-24_comp_shadowmask.png
  artifactKey: Guid(c91c97ed5d01a704193973c9366cda2f) Importer(815301076,1909f56bfc062723c751e8b465ee728b)
Start importing Assets/Scenes/SceneMAO1/Lightmap-24_comp_shadowmask.png using Guid(c91c97ed5d01a704193973c9366cda2f) Importer(815301076,1909f56bfc062723c751e8b465ee728b)  -> (artifact id: '26e5ac54ea6e55e3918cc5fac2e63201') in 0.013898 seconds 
  Import took 0.017187 seconds .

========================================================================
Received Import Request.
  Time since last request: 0.000244 seconds.
  path: Assets/Scenes/SceneMAO1/Lightmap-17_comp_light.exr
  artifactKey: Guid(41f887326efecff4d9c96c5a3c45953e) Importer(815301076,1909f56bfc062723c751e8b465ee728b)
Start importing Assets/Scenes/SceneMAO1/Lightmap-17_comp_light.exr using Guid(41f887326efecff4d9c96c5a3c45953e) Importer(815301076,1909f56bfc062723c751e8b465ee728b)  -> (artifact id: 'f1e13420a84f7e9b1744dcc37e63a686') in 0.037611 seconds 
  Import took 0.040838 seconds .

========================================================================
Received Import Request.
  Time since last request: 0.000181 seconds.
  path: Assets/Scenes/SceneMAO1/Lightmap-41_comp_light.exr
  artifactKey: Guid(40da86c4b357d594db303d48ceac8043) Importer(815301076,1909f56bfc062723c751e8b465ee728b)
Start importing Assets/Scenes/SceneMAO1/Lightmap-41_comp_light.exr using Guid(40da86c4b357d594db303d48ceac8043) Importer(815301076,1909f56bfc062723c751e8b465ee728b)  -> (artifact id: 'f8fa67735889e50cb08a64e5a3483e50') in 0.016557 seconds 
  Import took 0.019613 seconds .

========================================================================
Received Import Request.
  Time since last request: 0.000344 seconds.
  path: Assets/Scenes/SceneMAO1/Lightmap-27_comp_light.exr
  artifactKey: Guid(a512e4ccd6c3e9942a646657c4876eee) Importer(815301076,1909f56bfc062723c751e8b465ee728b)
Start importing Assets/Scenes/SceneMAO1/Lightmap-27_comp_light.exr using Guid(a512e4ccd6c3e9942a646657c4876eee) Importer(815301076,1909f56bfc062723c751e8b465ee728b)  -> (artifact id: '5efac6aec5f0ccd800e727851be1bfb2') in 0.012608 seconds 
  Import took 0.016176 seconds .

========================================================================
Received Import Request.
  Time since last request: 0.000161 seconds.
  path: Assets/Scenes/SceneMAO1/Lightmap-33_comp_light.exr
  artifactKey: Guid(c4476b3a130d2ed40919a66471695c66) Importer(815301076,1909f56bfc062723c751e8b465ee728b)
Start importing Assets/Scenes/SceneMAO1/Lightmap-33_comp_light.exr using Guid(c4476b3a130d2ed40919a66471695c66) Importer(815301076,1909f56bfc062723c751e8b465ee728b)  -> (artifact id: 'adf6e02e9bbae652ee7a49664e1e8331') in 0.015814 seconds 
  Import took 0.019416 seconds .

========================================================================
Received Import Request.
  Time since last request: 0.000234 seconds.
  path: Assets/Scenes/SceneMAO1/Lightmap-53_comp_shadowmask.png
  artifactKey: Guid(ef64c742ab8a39e4383e4b7403149189) Importer(815301076,1909f56bfc062723c751e8b465ee728b)
Start importing Assets/Scenes/SceneMAO1/Lightmap-53_comp_shadowmask.png using Guid(ef64c742ab8a39e4383e4b7403149189) Importer(815301076,1909f56bfc062723c751e8b465ee728b)  -> (artifact id: '2bc944342ca403f106e2e71a47d01cb9') in 0.015733 seconds 
  Import took 0.018781 seconds .

========================================================================
Received Import Request.
  Time since last request: 0.000226 seconds.
  path: Assets/Scenes/SceneMAO1/Lightmap-17_comp_shadowmask.png
  artifactKey: Guid(90d631a51ac2e0245a641efb8767c12c) Importer(815301076,1909f56bfc062723c751e8b465ee728b)
Start importing Assets/Scenes/SceneMAO1/Lightmap-17_comp_shadowmask.png using Guid(90d631a51ac2e0245a641efb8767c12c) Importer(815301076,1909f56bfc062723c751e8b465ee728b)  -> (artifact id: '3fd8c2f5df6bd145dda3837264bd4f02') in 0.019356 seconds 
  Import took 0.022615 seconds .

========================================================================
Received Import Request.
  Time since last request: 0.000134 seconds.
  path: Assets/Scenes/SceneMAO1/Lightmap-54_comp_light.exr
  artifactKey: Guid(b355717d16c34514aafb22c7f6686988) Importer(815301076,1909f56bfc062723c751e8b465ee728b)
Start importing Assets/Scenes/SceneMAO1/Lightmap-54_comp_light.exr using Guid(b355717d16c34514aafb22c7f6686988) Importer(815301076,1909f56bfc062723c751e8b465ee728b)  -> (artifact id: '3e5246d662bdd0948ab63ba54b13a1c7') in 0.038256 seconds 
  Import took 0.041293 seconds .

========================================================================
Received Import Request.
  Time since last request: 0.000141 seconds.
  path: Assets/Scenes/SceneMAO1/Lightmap-0_comp_shadowmask.png
  artifactKey: Guid(4c80da9ed6955ec42a6be0afac15380a) Importer(815301076,1909f56bfc062723c751e8b465ee728b)
Start importing Assets/Scenes/SceneMAO1/Lightmap-0_comp_shadowmask.png using Guid(4c80da9ed6955ec42a6be0afac15380a) Importer(815301076,1909f56bfc062723c751e8b465ee728b)  -> (artifact id: '2c3615b395d4f1698f2e6a8698003989') in 0.015399 seconds 
  Import took 0.018305 seconds .

========================================================================
Received Import Request.
  Time since last request: 0.000141 seconds.
  path: Assets/Scenes/SceneMAO1/Lightmap-46_comp_light.exr
  artifactKey: Guid(02753c9acb097be4d9ec9fd26ab20df8) Importer(815301076,1909f56bfc062723c751e8b465ee728b)
Start importing Assets/Scenes/SceneMAO1/Lightmap-46_comp_light.exr using Guid(02753c9acb097be4d9ec9fd26ab20df8) Importer(815301076,1909f56bfc062723c751e8b465ee728b)  -> (artifact id: '21d4c55633b5991027cd86397d509602') in 0.014127 seconds 
  Import took 0.017180 seconds .

========================================================================
Received Import Request.
  Time since last request: 0.000141 seconds.
  path: Assets/Scenes/SceneMAO1/Lightmap-52_comp_shadowmask.png
  artifactKey: Guid(98eb197361d18394dbd391c19f5cbf4c) Importer(815301076,1909f56bfc062723c751e8b465ee728b)
Start importing Assets/Scenes/SceneMAO1/Lightmap-52_comp_shadowmask.png using Guid(98eb197361d18394dbd391c19f5cbf4c) Importer(815301076,1909f56bfc062723c751e8b465ee728b)  -> (artifact id: '5674aeb895a47aa1923d23565629a442') in 0.016665 seconds 
  Import took 0.020046 seconds .

========================================================================
Received Import Request.
  Time since last request: 0.000126 seconds.
  path: Assets/Scenes/SceneMAO1/Lightmap-26_comp_shadowmask.png
  artifactKey: Guid(8164693068856d349ab8b2b6a250c870) Importer(815301076,1909f56bfc062723c751e8b465ee728b)
Start importing Assets/Scenes/SceneMAO1/Lightmap-26_comp_shadowmask.png using Guid(8164693068856d349ab8b2b6a250c870) Importer(815301076,1909f56bfc062723c751e8b465ee728b)  -> (artifact id: '1faa4f37b8cc2fca3d9cae058e931001') in 0.017821 seconds 
  Import took 0.021001 seconds .

========================================================================
Received Import Request.
  Time since last request: 0.000173 seconds.
  path: Assets/Scenes/SceneMAO1/Lightmap-37_comp_shadowmask.png
  artifactKey: Guid(7658c818124aed843b03e450e37af005) Importer(815301076,1909f56bfc062723c751e8b465ee728b)
Start importing Assets/Scenes/SceneMAO1/Lightmap-37_comp_shadowmask.png using Guid(7658c818124aed843b03e450e37af005) Importer(815301076,1909f56bfc062723c751e8b465ee728b)  -> (artifact id: 'e9b6414989eaa742c6f9da514af4ca06') in 0.017937 seconds 
  Import took 0.021015 seconds .

========================================================================
Received Import Request.
  Time since last request: 0.000136 seconds.
  path: Assets/Scenes/SceneMAO1/Lightmap-9_comp_light.exr
  artifactKey: Guid(218348f763e37084686f2831c0967f50) Importer(815301076,1909f56bfc062723c751e8b465ee728b)
Start importing Assets/Scenes/SceneMAO1/Lightmap-9_comp_light.exr using Guid(218348f763e37084686f2831c0967f50) Importer(815301076,1909f56bfc062723c751e8b465ee728b)  -> (artifact id: '959c262977b0e974da801f77089ca7ba') in 0.013753 seconds 
  Import took 0.016862 seconds .

========================================================================
Received Import Request.
  Time since last request: 0.000137 seconds.
  path: Assets/Scenes/SceneMAO1/Lightmap-46_comp_shadowmask.png
  artifactKey: Guid(61458a9857a139544aa6e10429a21de9) Importer(815301076,1909f56bfc062723c751e8b465ee728b)
Start importing Assets/Scenes/SceneMAO1/Lightmap-46_comp_shadowmask.png using Guid(61458a9857a139544aa6e10429a21de9) Importer(815301076,1909f56bfc062723c751e8b465ee728b)  -> (artifact id: '2a198a305c0a9d2ae308eb240b8c61b2') in 0.014868 seconds 
  Import took 0.018240 seconds .

========================================================================
Received Import Request.
  Time since last request: 0.000136 seconds.
  path: Assets/Scenes/SceneMAO1/Lightmap-56_comp_light.exr
  artifactKey: Guid(09b9ea80d120f8140aeec1bf70e51e7d) Importer(815301076,1909f56bfc062723c751e8b465ee728b)
Start importing Assets/Scenes/SceneMAO1/Lightmap-56_comp_light.exr using Guid(09b9ea80d120f8140aeec1bf70e51e7d) Importer(815301076,1909f56bfc062723c751e8b465ee728b)  -> (artifact id: '6706d217c1a5239245428e1b30bc6539') in 0.013932 seconds 
  Import took 0.017219 seconds .

========================================================================
Received Import Request.
  Time since last request: 0.000147 seconds.
  path: Assets/Scenes/SceneMAO1/Lightmap-44_comp_shadowmask.png
  artifactKey: Guid(849338ece17063842b622da68eb2adb6) Importer(815301076,1909f56bfc062723c751e8b465ee728b)
Start importing Assets/Scenes/SceneMAO1/Lightmap-44_comp_shadowmask.png using Guid(849338ece17063842b622da68eb2adb6) Importer(815301076,1909f56bfc062723c751e8b465ee728b)  -> (artifact id: '7cea89bc136d65d25c10eec35bb530b0') in 0.016903 seconds 
  Import took 0.020010 seconds .

========================================================================
Received Import Request.
  Time since last request: 0.000133 seconds.
  path: Assets/Scenes/SceneMAO1/Lightmap-40_comp_shadowmask.png
  artifactKey: Guid(2df003fd574ca4c44a0f8eabd805c9cd) Importer(815301076,1909f56bfc062723c751e8b465ee728b)
Start importing Assets/Scenes/SceneMAO1/Lightmap-40_comp_shadowmask.png using Guid(2df003fd574ca4c44a0f8eabd805c9cd) Importer(815301076,1909f56bfc062723c751e8b465ee728b)  -> (artifact id: '27101a36a36348a185121fa491bafb2a') in 0.014162 seconds 
  Import took 0.017044 seconds .

========================================================================
Received Import Request.
  Time since last request: 0.000143 seconds.
  path: Assets/Scenes/SceneMAO1/Lightmap-9_comp_shadowmask.png
  artifactKey: Guid(760eb92fa6714204fb5ace90d1c124a8) Importer(815301076,1909f56bfc062723c751e8b465ee728b)
Start importing Assets/Scenes/SceneMAO1/Lightmap-9_comp_shadowmask.png using Guid(760eb92fa6714204fb5ace90d1c124a8) Importer(815301076,1909f56bfc062723c751e8b465ee728b)  -> (artifact id: '9890e44640857aba62e0e76f65e279c8') in 0.016508 seconds 
  Import took 0.020036 seconds .

========================================================================
Received Import Request.
  Time since last request: 0.000243 seconds.
  path: Assets/Scenes/SceneMAO1/Lightmap-32_comp_shadowmask.png
  artifactKey: Guid(fc9bcceb4b40b534d805b9f13942f6b5) Importer(815301076,1909f56bfc062723c751e8b465ee728b)
Start importing Assets/Scenes/SceneMAO1/Lightmap-32_comp_shadowmask.png using Guid(fc9bcceb4b40b534d805b9f13942f6b5) Importer(815301076,1909f56bfc062723c751e8b465ee728b)  -> (artifact id: 'aacac307cc676e9f0267513e7a0c60c0') in 0.014884 seconds 
  Import took 0.018750 seconds .

========================================================================
Received Import Request.
  Time since last request: 0.000136 seconds.
  path: Assets/Scenes/SceneMAO1/Lightmap-3_comp_light.exr
  artifactKey: Guid(0d2cdb73d82083744ba408b677fa3ced) Importer(815301076,1909f56bfc062723c751e8b465ee728b)
Start importing Assets/Scenes/SceneMAO1/Lightmap-3_comp_light.exr using Guid(0d2cdb73d82083744ba408b677fa3ced) Importer(815301076,1909f56bfc062723c751e8b465ee728b)  -> (artifact id: 'ab484d2fd254e3beada0b4ff241ca3c0') in 0.011531 seconds 
  Import took 0.014593 seconds .

========================================================================
Received Import Request.
  Time since last request: 0.000186 seconds.
  path: Assets/Scenes/SceneMAO1/Lightmap-48_comp_light.exr
  artifactKey: Guid(a3ff10f0edcd88644b23cbcbc785b442) Importer(815301076,1909f56bfc062723c751e8b465ee728b)
Start importing Assets/Scenes/SceneMAO1/Lightmap-48_comp_light.exr using Guid(a3ff10f0edcd88644b23cbcbc785b442) Importer(815301076,1909f56bfc062723c751e8b465ee728b)  -> (artifact id: '5e2a65b2007d5d2e78c31922025fcf5e') in 0.013800 seconds 
  Import took 0.017609 seconds .

========================================================================
Received Import Request.
  Time since last request: 0.000172 seconds.
  path: Assets/Scenes/SceneMAO1/Lightmap-29_comp_light.exr
  artifactKey: Guid(b7351dbc0d44e8c47b1a4060fbd9941e) Importer(815301076,1909f56bfc062723c751e8b465ee728b)
Start importing Assets/Scenes/SceneMAO1/Lightmap-29_comp_light.exr using Guid(b7351dbc0d44e8c47b1a4060fbd9941e) Importer(815301076,1909f56bfc062723c751e8b465ee728b)  -> (artifact id: '967b474ef5ee449a3fbbd529bb661ac0') in 0.011903 seconds 
  Import took 0.015139 seconds .

========================================================================
Received Import Request.
  Time since last request: 0.000164 seconds.
  path: Assets/Scenes/SceneMAO1/Lightmap-57_comp_light.exr
  artifactKey: Guid(c683120316abd78458d6d507746dcf86) Importer(815301076,1909f56bfc062723c751e8b465ee728b)
Start importing Assets/Scenes/SceneMAO1/Lightmap-57_comp_light.exr using Guid(c683120316abd78458d6d507746dcf86) Importer(815301076,1909f56bfc062723c751e8b465ee728b)  -> (artifact id: '7c85732726b3ebd46d6b7faa3c18b49d') in 0.013617 seconds 
  Import took 0.016961 seconds .

========================================================================
Received Import Request.
  Time since last request: 0.000137 seconds.
  path: Assets/Scenes/SceneMAO1/Lightmap-8_comp_light.exr
  artifactKey: Guid(696aca974cd160a40909b7dd8503efbd) Importer(815301076,1909f56bfc062723c751e8b465ee728b)
Start importing Assets/Scenes/SceneMAO1/Lightmap-8_comp_light.exr using Guid(696aca974cd160a40909b7dd8503efbd) Importer(815301076,1909f56bfc062723c751e8b465ee728b)  -> (artifact id: 'e0a7cd54ea7d0f706ffc400cffe35794') in 0.019931 seconds 
  Import took 0.022994 seconds .

========================================================================
Received Import Request.
  Time since last request: 0.000128 seconds.
  path: Assets/Scenes/SceneMAO1/Lightmap-14_comp_light.exr
  artifactKey: Guid(35132c78071f6984aad9591ef7d572ab) Importer(815301076,1909f56bfc062723c751e8b465ee728b)
Start importing Assets/Scenes/SceneMAO1/Lightmap-14_comp_light.exr using Guid(35132c78071f6984aad9591ef7d572ab) Importer(815301076,1909f56bfc062723c751e8b465ee728b)  -> (artifact id: 'e5d6d66edea3dcddcf08d898b120fee2') in 0.012240 seconds 
  Import took 0.015556 seconds .

========================================================================
Received Import Request.
  Time since last request: 0.000214 seconds.
  path: Assets/Scenes/SceneMAO1/Lightmap-14_comp_shadowmask.png
  artifactKey: Guid(b5b4e0a6850988f40be887b142c85f90) Importer(815301076,1909f56bfc062723c751e8b465ee728b)
Start importing Assets/Scenes/SceneMAO1/Lightmap-14_comp_shadowmask.png using Guid(b5b4e0a6850988f40be887b142c85f90) Importer(815301076,1909f56bfc062723c751e8b465ee728b)  -> (artifact id: '1a4446ecfdae7a5a7b0ec8d307ffe140') in 0.013722 seconds 
  Import took 0.017107 seconds .

========================================================================
Received Import Request.
  Time since last request: 0.000143 seconds.
  path: Assets/Scenes/SceneMAO1/Lightmap-7_comp_shadowmask.png
  artifactKey: Guid(4f3d455bbbeb3284380c9adff8ca19b4) Importer(815301076,1909f56bfc062723c751e8b465ee728b)
Start importing Assets/Scenes/SceneMAO1/Lightmap-7_comp_shadowmask.png using Guid(4f3d455bbbeb3284380c9adff8ca19b4) Importer(815301076,1909f56bfc062723c751e8b465ee728b)  -> (artifact id: '8dd143b3f23abb624e885a8c2d6e8b3e') in 0.012255 seconds 
  Import took 0.015528 seconds .

========================================================================
Received Import Request.
  Time since last request: 0.000193 seconds.
  path: Assets/Scenes/SceneMAO1/Lightmap-28_comp_light.exr
  artifactKey: Guid(044269ec33136c04b8dd142d6cbc1fbb) Importer(815301076,1909f56bfc062723c751e8b465ee728b)
Start importing Assets/Scenes/SceneMAO1/Lightmap-28_comp_light.exr using Guid(044269ec33136c04b8dd142d6cbc1fbb) Importer(815301076,1909f56bfc062723c751e8b465ee728b)  -> (artifact id: '2944b6856efb300d63a9b1be46bdba60') in 0.012043 seconds 
  Import took 0.015352 seconds .

========================================================================
Received Import Request.
  Time since last request: 0.000134 seconds.
  path: Assets/Scenes/SceneMAO1/Lightmap-47_comp_light.exr
  artifactKey: Guid(a2c4ced3cf14ff54bb5742d2da6ddb22) Importer(815301076,1909f56bfc062723c751e8b465ee728b)
Start importing Assets/Scenes/SceneMAO1/Lightmap-47_comp_light.exr using Guid(a2c4ced3cf14ff54bb5742d2da6ddb22) Importer(815301076,1909f56bfc062723c751e8b465ee728b)  -> (artifact id: '95f338007c67141a8511291e2eb09076') in 0.012758 seconds 
  Import took 0.015812 seconds .

========================================================================
Received Import Request.
  Time since last request: 0.000171 seconds.
  path: Assets/Scenes/SceneMAO1/Lightmap-50_comp_shadowmask.png
  artifactKey: Guid(3aa870f683acf204fad342e49996032b) Importer(815301076,1909f56bfc062723c751e8b465ee728b)
Start importing Assets/Scenes/SceneMAO1/Lightmap-50_comp_shadowmask.png using Guid(3aa870f683acf204fad342e49996032b) Importer(815301076,1909f56bfc062723c751e8b465ee728b)  -> (artifact id: '611de14916354490446d5c2ee5526f12') in 0.012883 seconds 
  Import took 0.016105 seconds .

========================================================================
Received Import Request.
  Time since last request: 0.000134 seconds.
  path: Assets/Scenes/SceneMAO1/Lightmap-52_comp_light.exr
  artifactKey: Guid(da47c24dcfed1bc41b2d693d6edd3f4c) Importer(815301076,1909f56bfc062723c751e8b465ee728b)
Start importing Assets/Scenes/SceneMAO1/Lightmap-52_comp_light.exr using Guid(da47c24dcfed1bc41b2d693d6edd3f4c) Importer(815301076,1909f56bfc062723c751e8b465ee728b)  -> (artifact id: '1d70e282e84e56df241f028c80873a0a') in 0.014908 seconds 
  Import took 0.017881 seconds .

========================================================================
Received Import Request.
  Time since last request: 0.000146 seconds.
  path: Assets/Scenes/SceneMAO1/Lightmap-38_comp_light.exr
  artifactKey: Guid(3186226d81937284c9e25bf21e49ae1c) Importer(815301076,1909f56bfc062723c751e8b465ee728b)
Start importing Assets/Scenes/SceneMAO1/Lightmap-38_comp_light.exr using Guid(3186226d81937284c9e25bf21e49ae1c) Importer(815301076,1909f56bfc062723c751e8b465ee728b)  -> (artifact id: 'c01d971224821b2e7fdff4d7333818a7') in 0.015135 seconds 
  Import took 0.018517 seconds .

========================================================================
Received Import Request.
  Time since last request: 0.000144 seconds.
  path: Assets/Scenes/SceneMAO1/Lightmap-42_comp_light.exr
  artifactKey: Guid(7dd21c7417cdba649a233e7bf6b9a320) Importer(815301076,1909f56bfc062723c751e8b465ee728b)
Start importing Assets/Scenes/SceneMAO1/Lightmap-42_comp_light.exr using Guid(7dd21c7417cdba649a233e7bf6b9a320) Importer(815301076,1909f56bfc062723c751e8b465ee728b)  -> (artifact id: 'f24cda5cff43b36e0b35c6b65ee4cf5a') in 0.012220 seconds 
  Import took 0.015374 seconds .

========================================================================
Received Import Request.
  Time since last request: 0.000134 seconds.
  path: Assets/Scenes/SceneMAO1/Lightmap-51_comp_shadowmask.png
  artifactKey: Guid(90fce6cca02ba55439dd7970a9e418c7) Importer(815301076,1909f56bfc062723c751e8b465ee728b)
Start importing Assets/Scenes/SceneMAO1/Lightmap-51_comp_shadowmask.png using Guid(90fce6cca02ba55439dd7970a9e418c7) Importer(815301076,1909f56bfc062723c751e8b465ee728b)  -> (artifact id: 'b28ad73256eb2cb0a58bbf6e7e2b10c2') in 0.013358 seconds 
  Import took 0.016847 seconds .

========================================================================
Received Import Request.
  Time since last request: 0.000151 seconds.
  path: Assets/Scenes/SceneMAO1/Lightmap-8_comp_shadowmask.png
  artifactKey: Guid(05c51b7f426d691479f633df86c28f84) Importer(815301076,1909f56bfc062723c751e8b465ee728b)
Start importing Assets/Scenes/SceneMAO1/Lightmap-8_comp_shadowmask.png using Guid(05c51b7f426d691479f633df86c28f84) Importer(815301076,1909f56bfc062723c751e8b465ee728b)  -> (artifact id: '11596d41667fd8963afb35e1c57d807f') in 0.014498 seconds 
  Import took 0.017772 seconds .

========================================================================
Received Import Request.
  Time since last request: 0.000178 seconds.
  path: Assets/Scenes/SceneMAO1/Lightmap-15_comp_light.exr
  artifactKey: Guid(c9ca7ce99d5bc9144a6792bbb6df91fb) Importer(815301076,1909f56bfc062723c751e8b465ee728b)
Start importing Assets/Scenes/SceneMAO1/Lightmap-15_comp_light.exr using Guid(c9ca7ce99d5bc9144a6792bbb6df91fb) Importer(815301076,1909f56bfc062723c751e8b465ee728b)  -> (artifact id: '7915ff9dcf9fd2bd6f7a1d3d93c031ae') in 0.012232 seconds 
  Import took 0.015543 seconds .

========================================================================
Received Import Request.
  Time since last request: 0.000126 seconds.
  path: Assets/Scenes/SceneMAO1/Lightmap-57_comp_shadowmask.png
  artifactKey: Guid(b0ff8ded853f39a4a8ee64be0ab5606b) Importer(815301076,1909f56bfc062723c751e8b465ee728b)
Start importing Assets/Scenes/SceneMAO1/Lightmap-57_comp_shadowmask.png using Guid(b0ff8ded853f39a4a8ee64be0ab5606b) Importer(815301076,1909f56bfc062723c751e8b465ee728b)  -> (artifact id: 'a504218c44c08236db855cfd335b900d') in 0.013360 seconds 
  Import took 0.016386 seconds .

========================================================================
Received Import Request.
  Time since last request: 0.000133 seconds.
  path: Assets/Scenes/SceneMAO1/Lightmap-61_comp_light.exr
  artifactKey: Guid(88e5dbdaf7bcdde40bfae45620aa8314) Importer(815301076,1909f56bfc062723c751e8b465ee728b)
Start importing Assets/Scenes/SceneMAO1/Lightmap-61_comp_light.exr using Guid(88e5dbdaf7bcdde40bfae45620aa8314) Importer(815301076,1909f56bfc062723c751e8b465ee728b)  -> (artifact id: '6538237f2870598a01d6c960e2b009d1') in 0.013285 seconds 
  Import took 0.016138 seconds .

========================================================================
Received Import Request.
  Time since last request: 0.000127 seconds.
  path: Assets/Scenes/SceneMAO1/Lightmap-23_comp_shadowmask.png
  artifactKey: Guid(2cbdf2b7c7f70ec4f96b8ede5c0c42c4) Importer(815301076,1909f56bfc062723c751e8b465ee728b)
Start importing Assets/Scenes/SceneMAO1/Lightmap-23_comp_shadowmask.png using Guid(2cbdf2b7c7f70ec4f96b8ede5c0c42c4) Importer(815301076,1909f56bfc062723c751e8b465ee728b)  -> (artifact id: '3542888f42ab5e1b3ceb8e69e2c5b7a0') in 0.016197 seconds 
  Import took 0.019239 seconds .

========================================================================
Received Import Request.
  Time since last request: 0.000140 seconds.
  path: Assets/Scenes/SceneMAO1/Lightmap-56_comp_shadowmask.png
  artifactKey: Guid(fc64241671d866b41948398c0fb8459d) Importer(815301076,1909f56bfc062723c751e8b465ee728b)
Start importing Assets/Scenes/SceneMAO1/Lightmap-56_comp_shadowmask.png using Guid(fc64241671d866b41948398c0fb8459d) Importer(815301076,1909f56bfc062723c751e8b465ee728b)  -> (artifact id: 'da6b297902cb27201bea4b516e50608c') in 0.012446 seconds 
  Import took 0.015804 seconds .

========================================================================
Received Import Request.
  Time since last request: 0.000153 seconds.
  path: Assets/Scenes/SceneMAO1/Lightmap-60_comp_shadowmask.png
  artifactKey: Guid(4f2fb13b7c81a024eb5f9973535b9132) Importer(815301076,1909f56bfc062723c751e8b465ee728b)
Start importing Assets/Scenes/SceneMAO1/Lightmap-60_comp_shadowmask.png using Guid(4f2fb13b7c81a024eb5f9973535b9132) Importer(815301076,1909f56bfc062723c751e8b465ee728b)  -> (artifact id: '3d0bfc5da9c77acbf0bfad1bcd0e7095') in 0.015543 seconds 
  Import took 0.018807 seconds .

========================================================================
Received Import Request.
  Time since last request: 0.000136 seconds.
  path: Assets/Scenes/SceneMAO1/Lightmap-58_comp_light.exr
  artifactKey: Guid(6da817a8e2313f44c956d87753794792) Importer(815301076,1909f56bfc062723c751e8b465ee728b)
Start importing Assets/Scenes/SceneMAO1/Lightmap-58_comp_light.exr using Guid(6da817a8e2313f44c956d87753794792) Importer(815301076,1909f56bfc062723c751e8b465ee728b)  -> (artifact id: 'c3804bbe67261ad300878fffe0118474') in 0.013393 seconds 
  Import took 0.016593 seconds .

========================================================================
Received Import Request.
  Time since last request: 0.000153 seconds.
  path: Assets/Scenes/SceneMAO1/Lightmap-34_comp_light.exr
  artifactKey: Guid(e0134b34a933c3f498b0e747230dd87e) Importer(815301076,1909f56bfc062723c751e8b465ee728b)
Start importing Assets/Scenes/SceneMAO1/Lightmap-34_comp_light.exr using Guid(e0134b34a933c3f498b0e747230dd87e) Importer(815301076,1909f56bfc062723c751e8b465ee728b)  -> (artifact id: '739c1d401907bf252545bb41c05c9e65') in 0.012423 seconds 
  Import took 0.016093 seconds .

========================================================================
Received Import Request.
  Time since last request: 0.000155 seconds.
  path: Assets/Scenes/SceneMAO1/Lightmap-32_comp_light.exr
  artifactKey: Guid(157174499fb112d44958e9c11e417bc6) Importer(815301076,1909f56bfc062723c751e8b465ee728b)
Start importing Assets/Scenes/SceneMAO1/Lightmap-32_comp_light.exr using Guid(157174499fb112d44958e9c11e417bc6) Importer(815301076,1909f56bfc062723c751e8b465ee728b)  -> (artifact id: '2790f5193eb40ce3763e2012732f3c98') in 0.012265 seconds 
  Import took 0.015777 seconds .

========================================================================
Received Import Request.
  Time since last request: 0.000146 seconds.
  path: Assets/Scenes/SceneMAO1/Lightmap-18_comp_shadowmask.png
  artifactKey: Guid(0a3b3804fb9b9d94194d1dc0d37e01f6) Importer(815301076,1909f56bfc062723c751e8b465ee728b)
Start importing Assets/Scenes/SceneMAO1/Lightmap-18_comp_shadowmask.png using Guid(0a3b3804fb9b9d94194d1dc0d37e01f6) Importer(815301076,1909f56bfc062723c751e8b465ee728b)  -> (artifact id: '024443c445c0fd1f52541db2e1fa9a31') in 0.015819 seconds 
  Import took 0.019304 seconds .

========================================================================
Received Import Request.
  Time since last request: 0.000146 seconds.
  path: Assets/Scenes/SceneMAO1/Lightmap-49_comp_light.exr
  artifactKey: Guid(008d091d9a1807149b59f459294ee34c) Importer(815301076,1909f56bfc062723c751e8b465ee728b)
Start importing Assets/Scenes/SceneMAO1/Lightmap-49_comp_light.exr using Guid(008d091d9a1807149b59f459294ee34c) Importer(815301076,1909f56bfc062723c751e8b465ee728b)  -> (artifact id: '8a282f8ebacff5e3eb0f61a5a4fcc0f2') in 0.013963 seconds 
  Import took 0.017008 seconds .

========================================================================
Received Import Request.
  Time since last request: 0.000137 seconds.
  path: Assets/Scenes/SceneMAO1/Lightmap-36_comp_light.exr
  artifactKey: Guid(26588a3c0209628418b7eac54ec49853) Importer(815301076,1909f56bfc062723c751e8b465ee728b)
Start importing Assets/Scenes/SceneMAO1/Lightmap-36_comp_light.exr using Guid(26588a3c0209628418b7eac54ec49853) Importer(815301076,1909f56bfc062723c751e8b465ee728b)  -> (artifact id: '748b142280f5b65522aa31721bfee42b') in 0.013273 seconds 
  Import took 0.016363 seconds .

========================================================================
Received Import Request.
  Time since last request: 0.000199 seconds.
  path: Assets/Scenes/SceneMAO1/Lightmap-39_comp_light.exr
  artifactKey: Guid(50f831016cae1c0419a55e022225cb29) Importer(815301076,1909f56bfc062723c751e8b465ee728b)
Start importing Assets/Scenes/SceneMAO1/Lightmap-39_comp_light.exr using Guid(50f831016cae1c0419a55e022225cb29) Importer(815301076,1909f56bfc062723c751e8b465ee728b)  -> (artifact id: '61f70e19466835d755d42f6248450c23') in 0.013972 seconds 
  Import took 0.016943 seconds .

========================================================================
Received Import Request.
  Time since last request: 0.000126 seconds.
  path: Assets/Scenes/SceneMAO1/Lightmap-12_comp_light.exr
  artifactKey: Guid(aa7e10b6f8d0b2e4bb67b0abdd59f5ce) Importer(815301076,1909f56bfc062723c751e8b465ee728b)
Start importing Assets/Scenes/SceneMAO1/Lightmap-12_comp_light.exr using Guid(aa7e10b6f8d0b2e4bb67b0abdd59f5ce) Importer(815301076,1909f56bfc062723c751e8b465ee728b)  -> (artifact id: '9543eeda03f8dced254cf4f1b242dda7') in 0.012835 seconds 
  Import took 0.016367 seconds .

========================================================================
Received Import Request.
  Time since last request: 0.000149 seconds.
  path: Assets/Scenes/SceneMAO1/Lightmap-22_comp_shadowmask.png
  artifactKey: Guid(872f1c04a81fa004ca3bfdcc21f8a3b4) Importer(815301076,1909f56bfc062723c751e8b465ee728b)
Start importing Assets/Scenes/SceneMAO1/Lightmap-22_comp_shadowmask.png using Guid(872f1c04a81fa004ca3bfdcc21f8a3b4) Importer(815301076,1909f56bfc062723c751e8b465ee728b)  -> (artifact id: '35da90d6cb36483900011c9d6df92119') in 0.017338 seconds 
  Import took 0.020765 seconds .

========================================================================
Received Import Request.
  Time since last request: 0.000242 seconds.
  path: Assets/Scenes/SceneMAO1/Lightmap-35_comp_light.exr
  artifactKey: Guid(b58255765048cf544a0c1bea6f2e4941) Importer(815301076,1909f56bfc062723c751e8b465ee728b)
Start importing Assets/Scenes/SceneMAO1/Lightmap-35_comp_light.exr using Guid(b58255765048cf544a0c1bea6f2e4941) Importer(815301076,1909f56bfc062723c751e8b465ee728b)  -> (artifact id: '0361e875e0979c9e520b767c1cc74bf9') in 0.017293 seconds 
  Import took 0.020404 seconds .

========================================================================
Received Import Request.
  Time since last request: 0.000188 seconds.
  path: Assets/Scenes/SceneMAO1/Lightmap-38_comp_shadowmask.png
  artifactKey: Guid(f9267a0cce21a8549808b42a9ed13ff6) Importer(815301076,1909f56bfc062723c751e8b465ee728b)
Start importing Assets/Scenes/SceneMAO1/Lightmap-38_comp_shadowmask.png using Guid(f9267a0cce21a8549808b42a9ed13ff6) Importer(815301076,1909f56bfc062723c751e8b465ee728b)  -> (artifact id: '49206ef083b631c2eb285ae1b36dd167') in 0.013198 seconds 
  Import took 0.016440 seconds .

========================================================================
Received Import Request.
  Time since last request: 0.000143 seconds.
  path: Assets/Scenes/SceneMAO1/Lightmap-43_comp_shadowmask.png
  artifactKey: Guid(95f75917224bca345b2cf61525c650fa) Importer(815301076,1909f56bfc062723c751e8b465ee728b)
Start importing Assets/Scenes/SceneMAO1/Lightmap-43_comp_shadowmask.png using Guid(95f75917224bca345b2cf61525c650fa) Importer(815301076,1909f56bfc062723c751e8b465ee728b)  -> (artifact id: '023985f789378234399ff8e05cf7258d') in 0.014260 seconds 
  Import took 0.017280 seconds .

========================================================================
Received Import Request.
  Time since last request: 0.000137 seconds.
  path: Assets/Scenes/SceneMAO1/Lightmap-25_comp_light.exr
  artifactKey: Guid(d1686ce9b272b1249ba280e52b07f82b) Importer(815301076,1909f56bfc062723c751e8b465ee728b)
Start importing Assets/Scenes/SceneMAO1/Lightmap-25_comp_light.exr using Guid(d1686ce9b272b1249ba280e52b07f82b) Importer(815301076,1909f56bfc062723c751e8b465ee728b)  -> (artifact id: 'bb95001322d0896776cee9afd8bc92ee') in 0.015703 seconds 
  Import took 0.018938 seconds .

========================================================================
Received Import Request.
  Time since last request: 0.000129 seconds.
  path: Assets/Scenes/SceneMAO1/Lightmap-31_comp_light.exr
  artifactKey: Guid(31e8d013489ce9a4681aa27af052cfe7) Importer(815301076,1909f56bfc062723c751e8b465ee728b)
Start importing Assets/Scenes/SceneMAO1/Lightmap-31_comp_light.exr using Guid(31e8d013489ce9a4681aa27af052cfe7) Importer(815301076,1909f56bfc062723c751e8b465ee728b)  -> (artifact id: 'fde56cba41e523d51a46a7ae06b20ee7') in 0.012978 seconds 
  Import took 0.015944 seconds .

========================================================================
Received Import Request.
  Time since last request: 0.000129 seconds.
  path: Assets/Scenes/SceneMAO1/Lightmap-26_comp_light.exr
  artifactKey: Guid(5c51028e4ab80cc4db847a28c2a6887a) Importer(815301076,1909f56bfc062723c751e8b465ee728b)
Start importing Assets/Scenes/SceneMAO1/Lightmap-26_comp_light.exr using Guid(5c51028e4ab80cc4db847a28c2a6887a) Importer(815301076,1909f56bfc062723c751e8b465ee728b)  -> (artifact id: '433ba6b50cb3c804ef57c0cf5c7e419f') in 0.014000 seconds 
  Import took 0.017360 seconds .

========================================================================
Received Import Request.
  Time since last request: 0.000137 seconds.
  path: Assets/Scenes/SceneMAO1/Lightmap-28_comp_shadowmask.png
  artifactKey: Guid(cc3ccb4053836e145b2f0b1527dbeae3) Importer(815301076,1909f56bfc062723c751e8b465ee728b)
Start importing Assets/Scenes/SceneMAO1/Lightmap-28_comp_shadowmask.png using Guid(cc3ccb4053836e145b2f0b1527dbeae3) Importer(815301076,1909f56bfc062723c751e8b465ee728b)  -> (artifact id: '33305a91f0fc86287ecb9edaadc4e964') in 0.014139 seconds 
  Import took 0.017567 seconds .

========================================================================
Received Import Request.
  Time since last request: 0.000179 seconds.
  path: Assets/Scenes/SceneMAO1/Lightmap-0_comp_light.exr
  artifactKey: Guid(28ad2f8f6a59e4b4d98ff441c0b3625c) Importer(815301076,1909f56bfc062723c751e8b465ee728b)
Start importing Assets/Scenes/SceneMAO1/Lightmap-0_comp_light.exr using Guid(28ad2f8f6a59e4b4d98ff441c0b3625c) Importer(815301076,1909f56bfc062723c751e8b465ee728b)  -> (artifact id: 'ed9256d12f956ee20b4413a8a9e87ded') in 0.013499 seconds 
  Import took 0.017221 seconds .

========================================================================
Received Import Request.
  Time since last request: 0.000159 seconds.
  path: Assets/Scenes/SceneMAO1/Lightmap-19_comp_shadowmask.png
  artifactKey: Guid(f71fd2d8d9a399e43a914ee5e40d9bf2) Importer(815301076,1909f56bfc062723c751e8b465ee728b)
Start importing Assets/Scenes/SceneMAO1/Lightmap-19_comp_shadowmask.png using Guid(f71fd2d8d9a399e43a914ee5e40d9bf2) Importer(815301076,1909f56bfc062723c751e8b465ee728b)  -> (artifact id: 'e0864091e432d6a0a02a72f430b95626') in 0.013633 seconds 
  Import took 0.016843 seconds .

========================================================================
Received Import Request.
  Time since last request: 0.000142 seconds.
  path: Assets/Scenes/SceneMAO1/Lightmap-36_comp_shadowmask.png
  artifactKey: Guid(cd0781299d3e26847abf07fa0a2656f2) Importer(815301076,1909f56bfc062723c751e8b465ee728b)
Start importing Assets/Scenes/SceneMAO1/Lightmap-36_comp_shadowmask.png using Guid(cd0781299d3e26847abf07fa0a2656f2) Importer(815301076,1909f56bfc062723c751e8b465ee728b)  -> (artifact id: 'e7e56d6f4c2fcca3d50fce3f72fa64ae') in 0.013499 seconds 
  Import took 0.016520 seconds .

========================================================================
Received Import Request.
  Time since last request: 0.000153 seconds.
  path: Assets/Scenes/SceneMAO1/Lightmap-60_comp_light.exr
  artifactKey: Guid(c3f00fb57aee1534e9d45a98f982b4a8) Importer(815301076,1909f56bfc062723c751e8b465ee728b)
Start importing Assets/Scenes/SceneMAO1/Lightmap-60_comp_light.exr using Guid(c3f00fb57aee1534e9d45a98f982b4a8) Importer(815301076,1909f56bfc062723c751e8b465ee728b)  -> (artifact id: '933ccf175505f708de7e4f2ec9e667bd') in 0.013167 seconds 
  Import took 0.016219 seconds .

========================================================================
Received Import Request.
  Time since last request: 0.000139 seconds.
  path: Assets/Scenes/SceneMAO1/Lightmap-6_comp_shadowmask.png
  artifactKey: Guid(301fe31de535e534fbfb5970d8b7fc64) Importer(815301076,1909f56bfc062723c751e8b465ee728b)
Start importing Assets/Scenes/SceneMAO1/Lightmap-6_comp_shadowmask.png using Guid(301fe31de535e534fbfb5970d8b7fc64) Importer(815301076,1909f56bfc062723c751e8b465ee728b)  -> (artifact id: '4cf4b420697c35733b2f17d3e3f79a08') in 0.013778 seconds 
  Import took 0.017419 seconds .

========================================================================
Received Import Request.
  Time since last request: 0.000227 seconds.
  path: Assets/Scenes/SceneMAO1/Lightmap-27_comp_shadowmask.png
  artifactKey: Guid(841f4ddac5f315e4e8a962805a85e51b) Importer(815301076,1909f56bfc062723c751e8b465ee728b)
Start importing Assets/Scenes/SceneMAO1/Lightmap-27_comp_shadowmask.png using Guid(841f4ddac5f315e4e8a962805a85e51b) Importer(815301076,1909f56bfc062723c751e8b465ee728b)  -> (artifact id: 'd70f7c78529ed09c63d987ca71d6a425') in 0.015621 seconds 
  Import took 0.019279 seconds .

========================================================================
Received Import Request.
  Time since last request: 0.000150 seconds.
  path: Assets/Scenes/SceneMAO1/Lightmap-21_comp_shadowmask.png
  artifactKey: Guid(d814067faac5c3d48b1fa8d7c9fa1d67) Importer(815301076,1909f56bfc062723c751e8b465ee728b)
Start importing Assets/Scenes/SceneMAO1/Lightmap-21_comp_shadowmask.png using Guid(d814067faac5c3d48b1fa8d7c9fa1d67) Importer(815301076,1909f56bfc062723c751e8b465ee728b)  -> (artifact id: '52d60ed5eb548d1bf404a105e30bbd60') in 0.014013 seconds 
  Import took 0.017211 seconds .

========================================================================
Received Import Request.
  Time since last request: 0.000148 seconds.
  path: Assets/Scenes/SceneMAO1/Lightmap-45_comp_light.exr
  artifactKey: Guid(c5e5b034d9e2d204c9f1f7d64f47db5a) Importer(815301076,1909f56bfc062723c751e8b465ee728b)
Start importing Assets/Scenes/SceneMAO1/Lightmap-45_comp_light.exr using Guid(c5e5b034d9e2d204c9f1f7d64f47db5a) Importer(815301076,1909f56bfc062723c751e8b465ee728b)  -> (artifact id: '35bd7bf9ee04866f889eed2045bf0565') in 0.012047 seconds 
  Import took 0.015104 seconds .

========================================================================
Received Import Request.
  Time since last request: 0.000148 seconds.
  path: Assets/Scenes/SceneMAO1/Lightmap-54_comp_shadowmask.png
  artifactKey: Guid(3bd7c644f71cc2d41a7435d952c6fefe) Importer(815301076,1909f56bfc062723c751e8b465ee728b)
Start importing Assets/Scenes/SceneMAO1/Lightmap-54_comp_shadowmask.png using Guid(3bd7c644f71cc2d41a7435d952c6fefe) Importer(815301076,1909f56bfc062723c751e8b465ee728b)  -> (artifact id: '6bc6e86bafcb93782f1e8a6042f7a856') in 0.013484 seconds 
  Import took 0.017071 seconds .

========================================================================
Received Import Request.
  Time since last request: 0.000140 seconds.
  path: Assets/Scenes/SceneMAO1/Lightmap-47_comp_shadowmask.png
  artifactKey: Guid(ccf73ad4986d83447b4b4e130c015ab8) Importer(815301076,1909f56bfc062723c751e8b465ee728b)
Start importing Assets/Scenes/SceneMAO1/Lightmap-47_comp_shadowmask.png using Guid(ccf73ad4986d83447b4b4e130c015ab8) Importer(815301076,1909f56bfc062723c751e8b465ee728b)  -> (artifact id: 'f51f349c7fad4768554afee93c196cef') in 0.052609 seconds 
  Import took 0.055606 seconds .

========================================================================
Received Import Request.
  Time since last request: 0.000144 seconds.
  path: Assets/Scenes/SceneMAO1/Lightmap-62_comp_light.exr
  artifactKey: Guid(a9de63c9f2e72404ebd328394ace354c) Importer(815301076,1909f56bfc062723c751e8b465ee728b)
Start importing Assets/Scenes/SceneMAO1/Lightmap-62_comp_light.exr using Guid(a9de63c9f2e72404ebd328394ace354c) Importer(815301076,1909f56bfc062723c751e8b465ee728b)  -> (artifact id: 'c31d4255ef83b41b60f08b86cc01c11f') in 0.014114 seconds 
  Import took 0.017446 seconds .

========================================================================
Received Import Request.
  Time since last request: 0.000126 seconds.
  path: Assets/Scenes/SceneMAO1/Lightmap-13_comp_light.exr
  artifactKey: Guid(acd5048bf10cb194eba2c723fae09a62) Importer(815301076,1909f56bfc062723c751e8b465ee728b)
Start importing Assets/Scenes/SceneMAO1/Lightmap-13_comp_light.exr using Guid(acd5048bf10cb194eba2c723fae09a62) Importer(815301076,1909f56bfc062723c751e8b465ee728b)  -> (artifact id: 'dde21be050aea32a6e4c73098d3bb464') in 0.014518 seconds 
  Import took 0.017542 seconds .

========================================================================
Received Import Request.
  Time since last request: 0.000155 seconds.
  path: Assets/Scenes/SceneMAO1/Lightmap-16_comp_shadowmask.png
  artifactKey: Guid(13d0be64fea261348bffcbddf6e53e3c) Importer(815301076,1909f56bfc062723c751e8b465ee728b)
Start importing Assets/Scenes/SceneMAO1/Lightmap-16_comp_shadowmask.png using Guid(13d0be64fea261348bffcbddf6e53e3c) Importer(815301076,1909f56bfc062723c751e8b465ee728b)  -> (artifact id: 'e2e52ab3cebbe9f9509d61f5a1ed67e4') in 0.014496 seconds 
  Import took 0.017728 seconds .

========================================================================
Received Import Request.
  Time since last request: 0.000145 seconds.
  path: Assets/Scenes/SceneMAO1/Lightmap-10_comp_light.exr
  artifactKey: Guid(b6f0111ecae1c9a4a8c84b6f6f6b9bfa) Importer(815301076,1909f56bfc062723c751e8b465ee728b)
Start importing Assets/Scenes/SceneMAO1/Lightmap-10_comp_light.exr using Guid(b6f0111ecae1c9a4a8c84b6f6f6b9bfa) Importer(815301076,1909f56bfc062723c751e8b465ee728b)  -> (artifact id: 'a6b15278865f0ae7111f1f93fac5a6c6') in 0.023690 seconds 
  Import took 0.026757 seconds .

========================================================================
Received Import Request.
  Time since last request: 0.000191 seconds.
  path: Assets/Scenes/SceneMAO1/Lightmap-15_comp_shadowmask.png
  artifactKey: Guid(73698f2e8503fa3408592620b4a0933a) Importer(815301076,1909f56bfc062723c751e8b465ee728b)
Start importing Assets/Scenes/SceneMAO1/Lightmap-15_comp_shadowmask.png using Guid(73698f2e8503fa3408592620b4a0933a) Importer(815301076,1909f56bfc062723c751e8b465ee728b)  -> (artifact id: '30de167e3545b7c819951c9a1df8167f') in 0.014087 seconds 
  Import took 0.017016 seconds .

========================================================================
Received Import Request.
  Time since last request: 0.000173 seconds.
  path: Assets/Scenes/SceneMAO1/Lightmap-39_comp_shadowmask.png
  artifactKey: Guid(c2604bee45e77c94da4a7076a08790b1) Importer(815301076,1909f56bfc062723c751e8b465ee728b)
Start importing Assets/Scenes/SceneMAO1/Lightmap-39_comp_shadowmask.png using Guid(c2604bee45e77c94da4a7076a08790b1) Importer(815301076,1909f56bfc062723c751e8b465ee728b)  -> (artifact id: '0d7f4b5a65854cf37fc996f5096cf533') in 0.014487 seconds 
  Import took 0.017847 seconds .

========================================================================
Received Import Request.
  Time since last request: 0.000134 seconds.
  path: Assets/Scenes/SceneMAO1/Lightmap-59_comp_light.exr
  artifactKey: Guid(7051dfa8f6a5897449789adddd2f3389) Importer(815301076,1909f56bfc062723c751e8b465ee728b)
Start importing Assets/Scenes/SceneMAO1/Lightmap-59_comp_light.exr using Guid(7051dfa8f6a5897449789adddd2f3389) Importer(815301076,1909f56bfc062723c751e8b465ee728b)  -> (artifact id: '549f78fa646fa4bb349c9c1f43d85e14') in 0.014247 seconds 
  Import took 0.017013 seconds .

========================================================================
Received Import Request.
  Time since last request: 0.000212 seconds.
  path: Assets/Scenes/SceneMAO1/Lightmap-11_comp_light.exr
  artifactKey: Guid(ec7ef3dbd382b16458a61689849ea53c) Importer(815301076,1909f56bfc062723c751e8b465ee728b)
Start importing Assets/Scenes/SceneMAO1/Lightmap-11_comp_light.exr using Guid(ec7ef3dbd382b16458a61689849ea53c) Importer(815301076,1909f56bfc062723c751e8b465ee728b)  -> (artifact id: 'bd54daa4c8545d969f76dcbf5d8335fe') in 0.014341 seconds 
  Import took 0.017274 seconds .

========================================================================
Received Import Request.
  Time since last request: 0.000239 seconds.
  path: Assets/Scenes/SceneMAO1/Lightmap-21_comp_light.exr
  artifactKey: Guid(0caed243248c76c40a38d089c5f49543) Importer(815301076,1909f56bfc062723c751e8b465ee728b)
Start importing Assets/Scenes/SceneMAO1/Lightmap-21_comp_light.exr using Guid(0caed243248c76c40a38d089c5f49543) Importer(815301076,1909f56bfc062723c751e8b465ee728b)  -> (artifact id: 'f01fff0f474d8863f67c9656750cac62') in 0.016239 seconds 
  Import took 0.019718 seconds .

========================================================================
Received Import Request.
  Time since last request: 0.000156 seconds.
  path: Assets/Scenes/SceneMAO1/Lightmap-43_comp_light.exr
  artifactKey: Guid(0543ac77d430d0242893e09943493ecb) Importer(815301076,1909f56bfc062723c751e8b465ee728b)
Start importing Assets/Scenes/SceneMAO1/Lightmap-43_comp_light.exr using Guid(0543ac77d430d0242893e09943493ecb) Importer(815301076,1909f56bfc062723c751e8b465ee728b)  -> (artifact id: '8a45687a7a9a4223b0c8b4adbc0a7c4f') in 0.012507 seconds 
  Import took 0.015386 seconds .

========================================================================
Received Import Request.
  Time since last request: 0.000138 seconds.
  path: Assets/Scenes/SceneMAO1/Lightmap-18_comp_light.exr
  artifactKey: Guid(b7546f3c7648e4c48bce5695fece50bc) Importer(815301076,1909f56bfc062723c751e8b465ee728b)
Start importing Assets/Scenes/SceneMAO1/Lightmap-18_comp_light.exr using Guid(b7546f3c7648e4c48bce5695fece50bc) Importer(815301076,1909f56bfc062723c751e8b465ee728b)  -> (artifact id: 'fa911868ae19c81781440329c923d2bc') in 0.012040 seconds 
  Import took 0.014898 seconds .

========================================================================
Received Import Request.
  Time since last request: 0.000230 seconds.
  path: Assets/Scenes/SceneMAO1/Lightmap-50_comp_light.exr
  artifactKey: Guid(49a420d6aa8029b41959c97021fd77d1) Importer(815301076,1909f56bfc062723c751e8b465ee728b)
Start importing Assets/Scenes/SceneMAO1/Lightmap-50_comp_light.exr using Guid(49a420d6aa8029b41959c97021fd77d1) Importer(815301076,1909f56bfc062723c751e8b465ee728b)  -> (artifact id: 'c1eb7ed84f12c53fce13609de6c73b29') in 0.014902 seconds 
  Import took 0.017858 seconds .

========================================================================
Received Import Request.
  Time since last request: 0.000147 seconds.
  path: Assets/Scenes/SceneMAO1/Lightmap-13_comp_shadowmask.png
  artifactKey: Guid(0495a3b0ef1760c448663c89bdc4767d) Importer(815301076,1909f56bfc062723c751e8b465ee728b)
Start importing Assets/Scenes/SceneMAO1/Lightmap-13_comp_shadowmask.png using Guid(0495a3b0ef1760c448663c89bdc4767d) Importer(815301076,1909f56bfc062723c751e8b465ee728b)  -> (artifact id: '47cca5932878657f151161aea7da9915') in 0.018631 seconds 
  Import took 0.021656 seconds .

========================================================================
Received Import Request.
  Time since last request: 0.000186 seconds.
  path: Assets/Scenes/SceneMAO1/Lightmap-51_comp_light.exr
  artifactKey: Guid(c1a2f2a1043a6c84b9adafe2a788dc49) Importer(815301076,1909f56bfc062723c751e8b465ee728b)
Start importing Assets/Scenes/SceneMAO1/Lightmap-51_comp_light.exr using Guid(c1a2f2a1043a6c84b9adafe2a788dc49) Importer(815301076,1909f56bfc062723c751e8b465ee728b)  -> (artifact id: '321f0ccd9b51c5cf0fd00df54eaadb3e') in 0.014916 seconds 
  Import took 0.017935 seconds .

========================================================================
Received Import Request.
  Time since last request: 0.000145 seconds.
  path: Assets/Scenes/SceneMAO1/Lightmap-5_comp_light.exr
  artifactKey: Guid(26d2024e231a25d4fb572342a5e4c1f2) Importer(815301076,1909f56bfc062723c751e8b465ee728b)
Start importing Assets/Scenes/SceneMAO1/Lightmap-5_comp_light.exr using Guid(26d2024e231a25d4fb572342a5e4c1f2) Importer(815301076,1909f56bfc062723c751e8b465ee728b)  -> (artifact id: 'ae9afdee77839b7bd7ff4396be606bc1') in 0.014919 seconds 
  Import took 0.018201 seconds .

========================================================================
Received Import Request.
  Time since last request: 0.000221 seconds.
  path: Assets/Scenes/SceneMAO1/Lightmap-58_comp_shadowmask.png
  artifactKey: Guid(cd3abf061ac1afd49b3e69e700e1de4d) Importer(815301076,1909f56bfc062723c751e8b465ee728b)
Start importing Assets/Scenes/SceneMAO1/Lightmap-58_comp_shadowmask.png using Guid(cd3abf061ac1afd49b3e69e700e1de4d) Importer(815301076,1909f56bfc062723c751e8b465ee728b)  -> (artifact id: 'eccd01e9c4053fd5ff974febac01b75d') in 0.011825 seconds 
  Import took 0.014978 seconds .

========================================================================
Received Import Request.
  Time since last request: 0.000138 seconds.
  path: Assets/Scenes/SceneMAO1/Lightmap-35_comp_shadowmask.png
  artifactKey: Guid(7c2f5c94426cdcc4da6545cc674abfc0) Importer(815301076,1909f56bfc062723c751e8b465ee728b)
Start importing Assets/Scenes/SceneMAO1/Lightmap-35_comp_shadowmask.png using Guid(7c2f5c94426cdcc4da6545cc674abfc0) Importer(815301076,1909f56bfc062723c751e8b465ee728b)  -> (artifact id: '30dde98351eba81f2e7b2c8be6a1270d') in 0.013520 seconds 
  Import took 0.016674 seconds .

========================================================================
Received Import Request.
  Time since last request: 0.000145 seconds.
  path: Assets/Scenes/SceneMAO1/Lightmap-44_comp_light.exr
  artifactKey: Guid(f900523cef9cc30479e6c6ad72196c17) Importer(815301076,1909f56bfc062723c751e8b465ee728b)
Start importing Assets/Scenes/SceneMAO1/Lightmap-44_comp_light.exr using Guid(f900523cef9cc30479e6c6ad72196c17) Importer(815301076,1909f56bfc062723c751e8b465ee728b)  -> (artifact id: '393e87895648a948abebaacf0b209055') in 0.013985 seconds 
  Import took 0.017023 seconds .

========================================================================
Received Import Request.
  Time since last request: 0.000139 seconds.
  path: Assets/Scenes/SceneMAO1/Lightmap-20_comp_light.exr
  artifactKey: Guid(f91f392225bcdde48b4e649eaf7dec7d) Importer(815301076,1909f56bfc062723c751e8b465ee728b)
Start importing Assets/Scenes/SceneMAO1/Lightmap-20_comp_light.exr using Guid(f91f392225bcdde48b4e649eaf7dec7d) Importer(815301076,1909f56bfc062723c751e8b465ee728b)  -> (artifact id: '7383d826bef675c9614c5efcc25dc2a3') in 0.013372 seconds 
  Import took 0.016496 seconds .

========================================================================
Received Import Request.
  Time since last request: 0.000140 seconds.
  path: Assets/Scenes/SceneMAO1/Lightmap-4_comp_light.exr
  artifactKey: Guid(ba034e963eda7124abeeeeb0179f839b) Importer(815301076,1909f56bfc062723c751e8b465ee728b)
Start importing Assets/Scenes/SceneMAO1/Lightmap-4_comp_light.exr using Guid(ba034e963eda7124abeeeeb0179f839b) Importer(815301076,1909f56bfc062723c751e8b465ee728b)  -> (artifact id: '643c4966e68abc54e38f5c1a12518c6f') in 0.014288 seconds 
  Import took 0.017243 seconds .

========================================================================
Received Import Request.
  Time since last request: 0.000169 seconds.
  path: Assets/Scenes/SceneMAO1/Lightmap-16_comp_light.exr
  artifactKey: Guid(752cde24880429043bbaa28597ccacd0) Importer(815301076,1909f56bfc062723c751e8b465ee728b)
Start importing Assets/Scenes/SceneMAO1/Lightmap-16_comp_light.exr using Guid(752cde24880429043bbaa28597ccacd0) Importer(815301076,1909f56bfc062723c751e8b465ee728b)  -> (artifact id: 'e64944a7068fd4c697480cb2f7d2575e') in 0.017284 seconds 
  Import took 0.020343 seconds .

========================================================================
Received Import Request.
  Time since last request: 0.000182 seconds.
  path: Assets/Scenes/SceneMAO1/Lightmap-55_comp_shadowmask.png
  artifactKey: Guid(9304af358881b6b49b4f314959916684) Importer(815301076,1909f56bfc062723c751e8b465ee728b)
Start importing Assets/Scenes/SceneMAO1/Lightmap-55_comp_shadowmask.png using Guid(9304af358881b6b49b4f314959916684) Importer(815301076,1909f56bfc062723c751e8b465ee728b)  -> (artifact id: 'a86a968a257ccd685560aaffc050ab83') in 0.017608 seconds 
  Import took 0.020516 seconds .

========================================================================
Received Import Request.
  Time since last request: 0.000170 seconds.
  path: Assets/Scenes/SceneMAO1/Lightmap-7_comp_light.exr
  artifactKey: Guid(eb7d35b5a6cb62f4e95db46a31ee731e) Importer(815301076,1909f56bfc062723c751e8b465ee728b)
Start importing Assets/Scenes/SceneMAO1/Lightmap-7_comp_light.exr using Guid(eb7d35b5a6cb62f4e95db46a31ee731e) Importer(815301076,1909f56bfc062723c751e8b465ee728b)  -> (artifact id: 'ed86561678bfc01c6fcf8469af975241') in 0.012741 seconds 
  Import took 0.015751 seconds .

========================================================================
Received Import Request.
  Time since last request: 0.000176 seconds.
  path: Assets/Scenes/SceneMAO1/Lightmap-4_comp_shadowmask.png
  artifactKey: Guid(66d7414649e97c94eb394be6cedf4ec6) Importer(815301076,1909f56bfc062723c751e8b465ee728b)
Start importing Assets/Scenes/SceneMAO1/Lightmap-4_comp_shadowmask.png using Guid(66d7414649e97c94eb394be6cedf4ec6) Importer(815301076,1909f56bfc062723c751e8b465ee728b)  -> (artifact id: '14eca8dad8ab6033fcd3620c4396db4b') in 0.014405 seconds 
  Import took 0.017490 seconds .

========================================================================
Received Import Request.
  Time since last request: 0.000166 seconds.
  path: Assets/Scenes/SceneMAO1/Lightmap-25_comp_shadowmask.png
  artifactKey: Guid(742f547651783f04f9b5d3171ee7149e) Importer(815301076,1909f56bfc062723c751e8b465ee728b)
Start importing Assets/Scenes/SceneMAO1/Lightmap-25_comp_shadowmask.png using Guid(742f547651783f04f9b5d3171ee7149e) Importer(815301076,1909f56bfc062723c751e8b465ee728b)  -> (artifact id: 'c7e95f9e38aa8d4010c1406ec8f87ead') in 0.016557 seconds 
  Import took 0.019929 seconds .

========================================================================
Received Import Request.
  Time since last request: 0.000194 seconds.
  path: Assets/Scenes/SceneMAO1/Lightmap-30_comp_light.exr
  artifactKey: Guid(4dad74f0d908a2d40b35f31129bc7afa) Importer(815301076,1909f56bfc062723c751e8b465ee728b)
Start importing Assets/Scenes/SceneMAO1/Lightmap-30_comp_light.exr using Guid(4dad74f0d908a2d40b35f31129bc7afa) Importer(815301076,1909f56bfc062723c751e8b465ee728b)  -> (artifact id: '95d97d1881adeb34bc665e2c7f3e0a8b') in 0.013703 seconds 
  Import took 0.017099 seconds .

========================================================================
Received Import Request.
  Time since last request: 0.000143 seconds.
  path: Assets/Scenes/SceneMAO1/Lightmap-53_comp_light.exr
  artifactKey: Guid(efca9f28f1740984f95b5c6dc5e30386) Importer(815301076,1909f56bfc062723c751e8b465ee728b)
Start importing Assets/Scenes/SceneMAO1/Lightmap-53_comp_light.exr using Guid(efca9f28f1740984f95b5c6dc5e30386) Importer(815301076,1909f56bfc062723c751e8b465ee728b)  -> (artifact id: '461c063d0c18e0a2d48c296f77eb635f') in 0.011522 seconds 
  Import took 0.014937 seconds .

========================================================================
Received Import Request.
  Time since last request: 0.000143 seconds.
  path: Assets/Scenes/SceneMAO1/Lightmap-22_comp_light.exr
  artifactKey: Guid(d8fccbc2c54375b4b9cff55411749ffa) Importer(815301076,1909f56bfc062723c751e8b465ee728b)
Start importing Assets/Scenes/SceneMAO1/Lightmap-22_comp_light.exr using Guid(d8fccbc2c54375b4b9cff55411749ffa) Importer(815301076,1909f56bfc062723c751e8b465ee728b)  -> (artifact id: 'c0103821b4fab1378b399340544c9764') in 0.013721 seconds 
  Import took 0.017014 seconds .

========================================================================
Received Import Request.
  Time since last request: 0.000128 seconds.
  path: Assets/Scenes/SceneMAO1/Lightmap-3_comp_shadowmask.png
  artifactKey: Guid(742b2a6ac6fcaa84d9bc1337ccb73956) Importer(815301076,1909f56bfc062723c751e8b465ee728b)
Start importing Assets/Scenes/SceneMAO1/Lightmap-3_comp_shadowmask.png using Guid(742b2a6ac6fcaa84d9bc1337ccb73956) Importer(815301076,1909f56bfc062723c751e8b465ee728b)  -> (artifact id: '8f5e7c895ab310e6a2844ea0bbb66bb2') in 0.011638 seconds 
  Import took 0.014720 seconds .

========================================================================
Received Import Request.
  Time since last request: 0.000133 seconds.
  path: Assets/Scenes/SceneMAO1/Lightmap-59_comp_shadowmask.png
  artifactKey: Guid(3c0b0fcbed9e82140b561315645c23ce) Importer(815301076,1909f56bfc062723c751e8b465ee728b)
Start importing Assets/Scenes/SceneMAO1/Lightmap-59_comp_shadowmask.png using Guid(3c0b0fcbed9e82140b561315645c23ce) Importer(815301076,1909f56bfc062723c751e8b465ee728b)  -> (artifact id: 'd2a0daef7ecf6aee99cf3a0094b19d00') in 0.015632 seconds 
  Import took 0.018664 seconds .

========================================================================
Received Import Request.
  Time since last request: 0.000170 seconds.
  path: Assets/Scenes/SceneMAO1/Lightmap-42_comp_shadowmask.png
  artifactKey: Guid(3a1f66187bc76f447bea047a0a1b267a) Importer(815301076,1909f56bfc062723c751e8b465ee728b)
Start importing Assets/Scenes/SceneMAO1/Lightmap-42_comp_shadowmask.png using Guid(3a1f66187bc76f447bea047a0a1b267a) Importer(815301076,1909f56bfc062723c751e8b465ee728b)  -> (artifact id: 'ba3994a741275026ac2339116503639c') in 0.017198 seconds 
  Import took 0.020440 seconds .

========================================================================
Received Import Request.
  Time since last request: 0.000272 seconds.
  path: Assets/Scenes/SceneMAO1/Lightmap-30_comp_shadowmask.png
  artifactKey: Guid(cd9ff9f0403585f4db3452359d7509e0) Importer(815301076,1909f56bfc062723c751e8b465ee728b)
Start importing Assets/Scenes/SceneMAO1/Lightmap-30_comp_shadowmask.png using Guid(cd9ff9f0403585f4db3452359d7509e0) Importer(815301076,1909f56bfc062723c751e8b465ee728b)  -> (artifact id: '83cbb1105d9a5f89078df7c10ab97c37') in 0.014929 seconds 
  Import took 0.018107 seconds .

========================================================================
Received Import Request.
  Time since last request: 0.000174 seconds.
  path: Assets/Scenes/SceneMAO1/Lightmap-48_comp_shadowmask.png
  artifactKey: Guid(9acff978df867d74698960c51fa150b6) Importer(815301076,1909f56bfc062723c751e8b465ee728b)
Start importing Assets/Scenes/SceneMAO1/Lightmap-48_comp_shadowmask.png using Guid(9acff978df867d74698960c51fa150b6) Importer(815301076,1909f56bfc062723c751e8b465ee728b)  -> (artifact id: '54fa5b89d7668db85436bf2862d84bc0') in 0.015552 seconds 
  Import took 0.018381 seconds .

========================================================================
Received Import Request.
  Time since last request: 0.000184 seconds.
  path: Assets/Scenes/SceneMAO1/Lightmap-34_comp_shadowmask.png
  artifactKey: Guid(fdc0edbe6de9fb9479b26ec41de97e1b) Importer(815301076,1909f56bfc062723c751e8b465ee728b)
Start importing Assets/Scenes/SceneMAO1/Lightmap-34_comp_shadowmask.png using Guid(fdc0edbe6de9fb9479b26ec41de97e1b) Importer(815301076,1909f56bfc062723c751e8b465ee728b)  -> (artifact id: '2716fd0434da8770af27c8da938f0c58') in 0.014792 seconds 
  Import took 0.017656 seconds .

========================================================================
Received Import Request.
  Time since last request: 0.000178 seconds.
  path: Assets/Scenes/SceneMAO1/Lightmap-11_comp_shadowmask.png
  artifactKey: Guid(c93b438a1c61f174ca74a96eab0228c7) Importer(815301076,1909f56bfc062723c751e8b465ee728b)
Start importing Assets/Scenes/SceneMAO1/Lightmap-11_comp_shadowmask.png using Guid(c93b438a1c61f174ca74a96eab0228c7) Importer(815301076,1909f56bfc062723c751e8b465ee728b)  -> (artifact id: '27da27da8281302ef56356143224a055') in 0.014843 seconds 
  Import took 0.017798 seconds .

========================================================================
Received Import Request.
  Time since last request: 0.000169 seconds.
  path: Assets/Scenes/SceneMAO1/Lightmap-37_comp_light.exr
  artifactKey: Guid(f7ea5db78de8c4d4bad1c73a5642cdc0) Importer(815301076,1909f56bfc062723c751e8b465ee728b)
Start importing Assets/Scenes/SceneMAO1/Lightmap-37_comp_light.exr using Guid(f7ea5db78de8c4d4bad1c73a5642cdc0) Importer(815301076,1909f56bfc062723c751e8b465ee728b)  -> (artifact id: '14ad82e6214616f3e9ec839ce1cd7b13') in 0.012613 seconds 
  Import took 0.016429 seconds .

========================================================================
Received Import Request.
  Time since last request: 0.000183 seconds.
  path: Assets/Scenes/SceneMAO1/Lightmap-61_comp_shadowmask.png
  artifactKey: Guid(97e10068f81f9124aaac9e7e24860d75) Importer(815301076,1909f56bfc062723c751e8b465ee728b)
Start importing Assets/Scenes/SceneMAO1/Lightmap-61_comp_shadowmask.png using Guid(97e10068f81f9124aaac9e7e24860d75) Importer(815301076,1909f56bfc062723c751e8b465ee728b)  -> (artifact id: '835d02b39c81c7a41fade09f4c10d01a') in 0.017713 seconds 
  Import took 0.021102 seconds .

========================================================================
Received Import Request.
  Time since last request: 0.000176 seconds.
  path: Assets/Scenes/SceneMAO1/Lightmap-1_comp_light.exr
  artifactKey: Guid(e62250a1191b0a54389519077de5759b) Importer(815301076,1909f56bfc062723c751e8b465ee728b)
Start importing Assets/Scenes/SceneMAO1/Lightmap-1_comp_light.exr using Guid(e62250a1191b0a54389519077de5759b) Importer(815301076,1909f56bfc062723c751e8b465ee728b)  -> (artifact id: 'fa4f1fe75d6cc56e27509f722858ed42') in 0.015072 seconds 
  Import took 0.017837 seconds .

========================================================================
Received Import Request.
  Time since last request: 0.000135 seconds.
  path: Assets/Scenes/SceneMAO1/Lightmap-19_comp_light.exr
  artifactKey: Guid(c78943ae6cf61664a984c678860913d8) Importer(815301076,1909f56bfc062723c751e8b465ee728b)
Start importing Assets/Scenes/SceneMAO1/Lightmap-19_comp_light.exr using Guid(c78943ae6cf61664a984c678860913d8) Importer(815301076,1909f56bfc062723c751e8b465ee728b)  -> (artifact id: '3ed9fcc8ccb5c66769d2422386f7b4dc') in 0.014745 seconds 
  Import took 0.017528 seconds .

========================================================================
Received Import Request.
  Time since last request: 0.000138 seconds.
  path: Assets/Scenes/SceneMAO1/Lightmap-23_comp_light.exr
  artifactKey: Guid(c041988caa5edb64cbc5f72b69ecee17) Importer(815301076,1909f56bfc062723c751e8b465ee728b)
Start importing Assets/Scenes/SceneMAO1/Lightmap-23_comp_light.exr using Guid(c041988caa5edb64cbc5f72b69ecee17) Importer(815301076,1909f56bfc062723c751e8b465ee728b)  -> (artifact id: '3ff5f51c6614d077026f1dadfc9beee1') in 0.015002 seconds 
  Import took 0.017781 seconds .

========================================================================
Received Import Request.
  Time since last request: 0.000133 seconds.
  path: Assets/Scenes/SceneMAO1/Lightmap-2_comp_light.exr
  artifactKey: Guid(b1cd6f8d273c0904e9d2317f59a8da5e) Importer(815301076,1909f56bfc062723c751e8b465ee728b)
Start importing Assets/Scenes/SceneMAO1/Lightmap-2_comp_light.exr using Guid(b1cd6f8d273c0904e9d2317f59a8da5e) Importer(815301076,1909f56bfc062723c751e8b465ee728b)  -> (artifact id: '34c2f225410e803cfe0e64d7ad7898ea') in 0.018276 seconds 
  Import took 0.021101 seconds .

========================================================================
Received Import Request.
  Time since last request: 0.000172 seconds.
  path: Assets/Scenes/SceneMAO1/Lightmap-49_comp_shadowmask.png
  artifactKey: Guid(293c68e6c61096449a8245672750b323) Importer(815301076,1909f56bfc062723c751e8b465ee728b)
Start importing Assets/Scenes/SceneMAO1/Lightmap-49_comp_shadowmask.png using Guid(293c68e6c61096449a8245672750b323) Importer(815301076,1909f56bfc062723c751e8b465ee728b)  -> (artifact id: '323c17d3e166ba3c61d0c429a0e5400d') in 0.022061 seconds 
  Import took 0.024838 seconds .

========================================================================
Received Import Request.
  Time since last request: 0.000199 seconds.
  path: Assets/Scenes/SceneMAO1/Lightmap-6_comp_light.exr
  artifactKey: Guid(1cd3657b1d062184bbc4ef07b53b4d71) Importer(815301076,1909f56bfc062723c751e8b465ee728b)
Start importing Assets/Scenes/SceneMAO1/Lightmap-6_comp_light.exr using Guid(1cd3657b1d062184bbc4ef07b53b4d71) Importer(815301076,1909f56bfc062723c751e8b465ee728b)  -> (artifact id: '0f7e8e75460a2574538f0f0d4b866efd') in 0.012562 seconds 
  Import took 0.015340 seconds .

========================================================================
Received Import Request.
  Time since last request: 0.000137 seconds.
  path: Assets/Scenes/SceneMAO1/Lightmap-31_comp_shadowmask.png
  artifactKey: Guid(63307cd7c79ca8749a9e48b9912b62b5) Importer(815301076,1909f56bfc062723c751e8b465ee728b)
Start importing Assets/Scenes/SceneMAO1/Lightmap-31_comp_shadowmask.png using Guid(63307cd7c79ca8749a9e48b9912b62b5) Importer(815301076,1909f56bfc062723c751e8b465ee728b)  -> (artifact id: '0d0395193f527125818dc7439580e5a6') in 0.015345 seconds 
  Import took 0.018356 seconds .

========================================================================
Received Import Request.
  Time since last request: 0.000188 seconds.
  path: Assets/Scenes/SceneMAO1/Lightmap-55_comp_light.exr
  artifactKey: Guid(79f28cec927dbec499a9d93c865dddb2) Importer(815301076,1909f56bfc062723c751e8b465ee728b)
Start importing Assets/Scenes/SceneMAO1/Lightmap-55_comp_light.exr using Guid(79f28cec927dbec499a9d93c865dddb2) Importer(815301076,1909f56bfc062723c751e8b465ee728b)  -> (artifact id: '29060fdd1420379d7b4d4dcf4edc310a') in 0.011140 seconds 
  Import took 0.013963 seconds .

========================================================================
Received Import Request.
  Time since last request: 0.000144 seconds.
  path: Assets/Scenes/SceneMAO1/Lightmap-45_comp_shadowmask.png
  artifactKey: Guid(be275dbf3a4278b4ba44e080700dc0f7) Importer(815301076,1909f56bfc062723c751e8b465ee728b)
Start importing Assets/Scenes/SceneMAO1/Lightmap-45_comp_shadowmask.png using Guid(be275dbf3a4278b4ba44e080700dc0f7) Importer(815301076,1909f56bfc062723c751e8b465ee728b)  -> (artifact id: '5f452ffda0dab76b4810cc616386b7ba') in 0.012056 seconds 
  Import took 0.014927 seconds .

========================================================================
Received Import Request.
  Time since last request: 0.000189 seconds.
  path: Assets/Scenes/SceneMAO1/Lightmap-33_comp_shadowmask.png
  artifactKey: Guid(b59c449e18a9ddc4c8462726178066b0) Importer(815301076,1909f56bfc062723c751e8b465ee728b)
Start importing Assets/Scenes/SceneMAO1/Lightmap-33_comp_shadowmask.png using Guid(b59c449e18a9ddc4c8462726178066b0) Importer(815301076,1909f56bfc062723c751e8b465ee728b)  -> (artifact id: '0b73bbe67838c183aceda8a2d4bc9cc6') in 0.011628 seconds 
  Import took 0.014211 seconds .

========================================================================
Received Import Request.
  Time since last request: 0.000194 seconds.
  path: Assets/Scenes/SceneMAO1/Lightmap-41_comp_shadowmask.png
  artifactKey: Guid(453ed056de47de54d8c62b72b44004a6) Importer(815301076,1909f56bfc062723c751e8b465ee728b)
Start importing Assets/Scenes/SceneMAO1/Lightmap-41_comp_shadowmask.png using Guid(453ed056de47de54d8c62b72b44004a6) Importer(815301076,1909f56bfc062723c751e8b465ee728b)  -> (artifact id: '7b0631b5dc31997c38912694604fabf1') in 0.010718 seconds 
  Import took 0.013518 seconds .

========================================================================
Received Import Request.
  Time since last request: 0.000200 seconds.
  path: Assets/Scenes/SceneMAO1/Lightmap-29_comp_shadowmask.png
  artifactKey: Guid(ef302dc845d34c74b9a73c7733f69857) Importer(815301076,1909f56bfc062723c751e8b465ee728b)
Start importing Assets/Scenes/SceneMAO1/Lightmap-29_comp_shadowmask.png using Guid(ef302dc845d34c74b9a73c7733f69857) Importer(815301076,1909f56bfc062723c751e8b465ee728b)  -> (artifact id: '2a8636e02f32f53ad40b2a9cf8ba916f') in 0.012594 seconds 
  Import took 0.015371 seconds .

========================================================================
Received Import Request.
  Time since last request: 0.000230 seconds.
  path: Assets/Scenes/SceneMAO1/Lightmap-5_comp_shadowmask.png
  artifactKey: Guid(3a93bfcd6da9f7a45a72b26121da42a7) Importer(815301076,1909f56bfc062723c751e8b465ee728b)
Start importing Assets/Scenes/SceneMAO1/Lightmap-5_comp_shadowmask.png using Guid(3a93bfcd6da9f7a45a72b26121da42a7) Importer(815301076,1909f56bfc062723c751e8b465ee728b)  -> (artifact id: '75028a7b33b6bb3bffcf88ad41a1b849') in 0.011515 seconds 
  Import took 0.014059 seconds .

========================================================================
Received Import Request.
  Time since last request: 0.000199 seconds.
  path: Assets/Scenes/SceneMAO1/Lightmap-20_comp_shadowmask.png
  artifactKey: Guid(59aaa336db7d63b40bf5ebd463e06e53) Importer(815301076,1909f56bfc062723c751e8b465ee728b)
Start importing Assets/Scenes/SceneMAO1/Lightmap-20_comp_shadowmask.png using Guid(59aaa336db7d63b40bf5ebd463e06e53) Importer(815301076,1909f56bfc062723c751e8b465ee728b)  -> (artifact id: '3d197b8eeb7dffdcba13ff4cf832e034') in 0.010369 seconds 
  Import took 0.012927 seconds .

========================================================================
Received Import Request.
  Time since last request: 0.000184 seconds.
  path: Assets/Scenes/SceneMAO1/Lightmap-24_comp_light.exr
  artifactKey: Guid(c478934e23997cb40b51604fa5de5bbb) Importer(815301076,1909f56bfc062723c751e8b465ee728b)
Start importing Assets/Scenes/SceneMAO1/Lightmap-24_comp_light.exr using Guid(c478934e23997cb40b51604fa5de5bbb) Importer(815301076,1909f56bfc062723c751e8b465ee728b)  -> (artifact id: '41bd3e5d374c6cd7e10066cd3d6973ee') in 0.010861 seconds 
  Import took 0.013407 seconds .

========================================================================
Received Import Request.
  Time since last request: 0.000210 seconds.
  path: Assets/Scenes/SceneMAO1/Lightmap-12_comp_shadowmask.png
  artifactKey: Guid(3e1a69baf236a044a80b86fac1cbbca4) Importer(815301076,1909f56bfc062723c751e8b465ee728b)
Start importing Assets/Scenes/SceneMAO1/Lightmap-12_comp_shadowmask.png using Guid(3e1a69baf236a044a80b86fac1cbbca4) Importer(815301076,1909f56bfc062723c751e8b465ee728b)  -> (artifact id: 'dd055740a1815dd995c1c2d0b5884d71') in 0.010287 seconds 
  Import took 0.013032 seconds .

========================================================================
Received Import Request.
  Time since last request: 0.000185 seconds.
  path: Assets/Scenes/SceneMAO1/Lightmap-40_comp_light.exr
  artifactKey: Guid(fcd372d008694434db5be6cf3b934919) Importer(815301076,1909f56bfc062723c751e8b465ee728b)
Start importing Assets/Scenes/SceneMAO1/Lightmap-40_comp_light.exr using Guid(fcd372d008694434db5be6cf3b934919) Importer(815301076,1909f56bfc062723c751e8b465ee728b)  -> (artifact id: '3e0c2400efa342b373f0a738c578350c') in 0.010435 seconds 
  Import took 0.012834 seconds .

========================================================================
Received Import Request.
  Time since last request: 0.000205 seconds.
  path: Assets/Scenes/SceneMAO1/Lightmap-10_comp_shadowmask.png
  artifactKey: Guid(64d41913c3de8f447afc2bcecebb1bd6) Importer(815301076,1909f56bfc062723c751e8b465ee728b)
Start importing Assets/Scenes/SceneMAO1/Lightmap-10_comp_shadowmask.png using Guid(64d41913c3de8f447afc2bcecebb1bd6) Importer(815301076,1909f56bfc062723c751e8b465ee728b)  -> (artifact id: 'd4a2ddaebae4099710788f7bfcd273d9') in 0.010818 seconds 
  Import took 0.013765 seconds .

========================================================================
Received Import Request.
  Time since last request: 11.152776 seconds.
  path: Assets/Scenes/SampleSceneMAO1
  artifactKey: Guid(53dcc63040a5f43409816ad2476c0037) Importer(815301076,1909f56bfc062723c751e8b465ee728b)
Start importing Assets/Scenes/SampleSceneMAO1 using Guid(53dcc63040a5f43409816ad2476c0037) Importer(815301076,1909f56bfc062723c751e8b465ee728b)  -> (artifact id: 'f3bd1c05e54e863ac8e8cda2646ca736') in 0.006119 seconds 
  Import took 0.009229 seconds .

========================================================================
Received Import Request.
  Time since last request: 26.499118 seconds.
  path: Assets/PersonalAssets/Prefabs
  artifactKey: Guid(9e7eade4d1fb606429ab24d0f2bba560) Importer(815301076,1909f56bfc062723c751e8b465ee728b)
Start importing Assets/PersonalAssets/Prefabs using Guid(9e7eade4d1fb606429ab24d0f2bba560) Importer(815301076,1909f56bfc062723c751e8b465ee728b)  -> (artifact id: 'd171a30035c79b98f1c652aa68584b00') in 0.006194 seconds 
  Import took 0.009666 seconds .

========================================================================
Received Import Request.
  Time since last request: 8.159228 seconds.
  path: Assets/PersonalAssets/Prefabs/orange.prefab
  artifactKey: Guid(57efb921106d748409dc73cd7d5614dd) Importer(815301076,1909f56bfc062723c751e8b465ee728b)
Start importing Assets/PersonalAssets/Prefabs/orange.prefab using Guid(57efb921106d748409dc73cd7d5614dd) Importer(815301076,1909f56bfc062723c751e8b465ee728b)  -> (artifact id: 'aa2c0c3494081d13b1e5fc92b5424ceb') in 0.079933 seconds 
  Import took 0.083450 seconds .

========================================================================
Received Import Request.
  Time since last request: 12.550872 seconds.
  path: Assets/PersonalAssets/Prefabs/Orange.prefab
  artifactKey: Guid(57efb921106d748409dc73cd7d5614dd) Importer(815301076,1909f56bfc062723c751e8b465ee728b)
Start importing Assets/PersonalAssets/Prefabs/Orange.prefab using Guid(57efb921106d748409dc73cd7d5614dd) Importer(815301076,1909f56bfc062723c751e8b465ee728b)  -> (artifact id: '7416f2e13405f552044a2eb4bd6b4659') in 0.014627 seconds 
  Import took 0.018930 seconds .

AssetImportWorkerClient::OnTransportError - code=2 error=End of file
