Using pre-set license
Built from '2020.3/staging' branch; Version is '2020.3.23f1 (c5d91304a876) revision 12966163'; Using compiler version '192528614'; Build Type 'Release'
OS: 'Windows 10 Home; OS build 22000.795; Version 2009; 64bit' Language: 'fr' Physical Memory: 16288 MB
BatchMode: 1, IsHumanControllingUs: 0, StartBugReporterOnCrash: 0, Is64bit: 1, IsPro: 0

COMMAND LINE ARGUMENTS:
C:\Program Files\Unity\Hub\Editor\2020.3.23f1\Editor\Unity.exe
-adb2
-batchMode
-noUpm
-name
AssetImportWorker0
-projectPath
C:/Users/waylo/OneDrive/Documents/GitHub/MAO_Intensity_Experience
-logFile
Logs/AssetImportWorker0.log
-srvPort
61849
Successfully changed project path to: C:/Users/waylo/OneDrive/Documents/GitHub/MAO_Intensity_Experience
C:/Users/waylo/OneDrive/Documents/GitHub/MAO_Intensity_Experience
Using Asset Import Pipeline V2.
Refreshing native plugins compatible for Editor in 37.82 ms, found 7 plugins.
Preloading 0 native plugins for Editor in 0.00 ms.
Initialize engine version: 2020.3.23f1 (c5d91304a876)
[Subsystems] Discovering subsystems at path C:/Program Files/Unity/Hub/Editor/2020.3.23f1/Editor/Data/Resources/UnitySubsystems
[Subsystems] Discovering subsystems at path C:/Users/waylo/OneDrive/Documents/GitHub/MAO_Intensity_Experience/Assets
GfxDevice: creating device client; threaded=0
Direct3D:
    Version:  Direct3D 11.0 [level 11.1]
    Renderer: NVIDIA GeForce RTX 3070 Ti (ID=0x2482)
    Vendor:   
    VRAM:     8041 MB
    Driver:   31.0.15.1659
Initialize mono
Mono path[0] = 'C:/Program Files/Unity/Hub/Editor/2020.3.23f1/Editor/Data/Managed'
Mono path[1] = 'C:/Program Files/Unity/Hub/Editor/2020.3.23f1/Editor/Data/MonoBleedingEdge/lib/mono/unityjit'
Mono config path = 'C:/Program Files/Unity/Hub/Editor/2020.3.23f1/Editor/Data/MonoBleedingEdge/etc'
Using monoOptions --debugger-agent=transport=dt_socket,embedding=1,server=y,suspend=n,address=127.0.0.1:56164
Begin MonoManager ReloadAssembly
Registering precompiled unity dll's ...
Register platform support module: C:/Program Files/Unity/Hub/Editor/2020.3.23f1/Editor/Data/PlaybackEngines/WindowsStandaloneSupport/UnityEditor.WindowsStandalone.Extensions.dll
Registered in 0.001547 seconds.
Native extension for WindowsStandalone target not found
Refreshing native plugins compatible for Editor in 30.74 ms, found 7 plugins.
Preloading 0 native plugins for Editor in 0.00 ms.
Mono: successfully reloaded assembly
- Completed reload, in  0.415 seconds
Domain Reload Profiling:
	ReloadAssembly (416ms)
		BeginReloadAssembly (38ms)
			ExecutionOrderSort (0ms)
			DisableScriptedObjects (0ms)
			BackupInstance (0ms)
			ReleaseScriptingObjects (0ms)
			CreateAndSetChildDomain (1ms)
		EndReloadAssembly (324ms)
			LoadAssemblies (36ms)
			RebuildTransferFunctionScriptingTraits (0ms)
			SetupTypeCache (101ms)
			ReleaseScriptCaches (0ms)
			RebuildScriptCaches (19ms)
			SetupLoadedEditorAssemblies (135ms)
				LogAssemblyErrors (0ms)
				InitializePlatformSupportModulesInManaged (3ms)
				SetLoadedEditorAssemblies (0ms)
				RefreshPlugins (31ms)
				BeforeProcessingInitializeOnLoad (14ms)
				ProcessInitializeOnLoadAttributes (67ms)
				ProcessInitializeOnLoadMethodAttributes (20ms)
				AfterProcessingInitializeOnLoad (0ms)
				EditorAssembliesLoaded (0ms)
			ExecutionOrderSort2 (0ms)
			AwakeInstancesAfterBackupRestoration (0ms)
Platform modules already initialized, skipping
Registering precompiled user dll's ...
Registered in 0.004650 seconds.
Begin MonoManager ReloadAssembly
Native extension for WindowsStandalone target not found
Refreshing native plugins compatible for Editor in 31.03 ms, found 7 plugins.
Preloading 0 native plugins for Editor in 0.00 ms.
Mono: successfully reloaded assembly
- Completed reload, in  0.869 seconds
Domain Reload Profiling:
	ReloadAssembly (870ms)
		BeginReloadAssembly (97ms)
			ExecutionOrderSort (0ms)
			DisableScriptedObjects (3ms)
			BackupInstance (0ms)
			ReleaseScriptingObjects (0ms)
			CreateAndSetChildDomain (14ms)
		EndReloadAssembly (729ms)
			LoadAssemblies (66ms)
			RebuildTransferFunctionScriptingTraits (0ms)
			SetupTypeCache (194ms)
			ReleaseScriptCaches (0ms)
			RebuildScriptCaches (32ms)
			SetupLoadedEditorAssemblies (348ms)
				LogAssemblyErrors (0ms)
				InitializePlatformSupportModulesInManaged (3ms)
				SetLoadedEditorAssemblies (0ms)
				RefreshPlugins (31ms)
				BeforeProcessingInitializeOnLoad (66ms)
				ProcessInitializeOnLoadAttributes (236ms)
				ProcessInitializeOnLoadMethodAttributes (7ms)
				AfterProcessingInitializeOnLoad (5ms)
				EditorAssembliesLoaded (0ms)
			ExecutionOrderSort2 (0ms)
			AwakeInstancesAfterBackupRestoration (4ms)
Platform modules already initialized, skipping
========================================================================
Worker process is ready to serve import requests
Launched and connected shader compiler UnityShaderCompiler.exe after 0.03 seconds
Refreshing native plugins compatible for Editor in 0.55 ms, found 7 plugins.
Preloading 0 native plugins for Editor in 0.00 ms.
Unloading 2313 Unused Serialized files (Serialized files now loaded: 0)
System memory in use before: 96.1 MB.
System memory in use after: 96.3 MB.

Unloading 37 unused Assets to reduce memory usage. Loaded Objects now: 2766.
Total: 2.762200 ms (FindLiveObjects: 0.167400 ms CreateObjectMapping: 0.062100 ms MarkObjects: 2.474900 ms  DeleteObjects: 0.057000 ms)

AssetImportParameters requested are different than current active one (requested -> active):
  custom:framework-win-MediaFoundation: 216162199b28c13a410421893ffa2e32 -> 
  custom:video-decoder-ogg-theora: a1e56fd34408186e4bbccfd4996cb3dc -> 
  custom:container-muxer-webm: aa71ff27fc2769a1b78a27578f13a17b -> 
  custom:container-demuxer-webm: 4f35f7cbe854078d1ac9338744f61a02 -> 
  custom:container-demuxer-ogg: 62fdf1f143b41e24485cea50d1cbac27 -> 
  custom:video-encoder-webm-vp8: eb34c28f22e8b96e1ab97ce403110664 -> 
  custom:video-decoder-webm-vp8: 9c59270c3fd7afecdb556c50c9e8de78 -> 
  custom:audio-decoder-ogg-vorbis: bf7c407c2cedff20999df2af8eb42d56 -> 
  custom:audio-encoder-webm-vorbis: bf7c407c2cedff20999df2af8eb42d56 -> 
========================================================================
Received Import Request.
  path: Assets/Scripts/MAOStaticCom.cs
  artifactKey: Guid(fd045665e625aad45ac42f6c09087c88) Importer(815301076,1909f56bfc062723c751e8b465ee728b)
Start importing Assets/Scripts/MAOStaticCom.cs using Guid(fd045665e625aad45ac42f6c09087c88) Importer(815301076,1909f56bfc062723c751e8b465ee728b)  -> (artifact id: '20b8766dee6214c269088c552b969ad2') in 0.023368 seconds 
  Import took 0.026335 seconds .

========================================================================
Received Import Request.
  Time since last request: 5.071764 seconds.
  path: Assets/Scripts/MAOStaticCom.cs
  artifactKey: Guid(fd045665e625aad45ac42f6c09087c88) Importer(815301076,1909f56bfc062723c751e8b465ee728b)
Start importing Assets/Scripts/MAOStaticCom.cs using Guid(fd045665e625aad45ac42f6c09087c88) Importer(815301076,1909f56bfc062723c751e8b465ee728b)  -> (artifact id: 'e601e02c81a8b3fb0537fa23dc15dbb8') in 0.001705 seconds 
  Import took 0.004917 seconds .

========================================================================
Received Import Request.
  Time since last request: 14.467726 seconds.
  path: Assets/Scripts/MAOStaticCom.cs
  artifactKey: Guid(fd045665e625aad45ac42f6c09087c88) Importer(815301076,1909f56bfc062723c751e8b465ee728b)
Start importing Assets/Scripts/MAOStaticCom.cs using Guid(fd045665e625aad45ac42f6c09087c88) Importer(815301076,1909f56bfc062723c751e8b465ee728b)  -> (artifact id: 'c76852b71f320ea13635ab6b750b1578') in 0.001566 seconds 
  Import took 0.004761 seconds .

========================================================================
Received Import Request.
  Time since last request: 23.686094 seconds.
  path: Assets/Scripts/MAOStaticCom.cs
  artifactKey: Guid(fd045665e625aad45ac42f6c09087c88) Importer(815301076,1909f56bfc062723c751e8b465ee728b)
Start importing Assets/Scripts/MAOStaticCom.cs using Guid(fd045665e625aad45ac42f6c09087c88) Importer(815301076,1909f56bfc062723c751e8b465ee728b)  -> (artifact id: 'f41ab1070c58153ee600e34225cf5f71') in 0.002086 seconds 
  Import took 0.005913 seconds .

========================================================================
Received Import Request.
  Time since last request: 19.329165 seconds.
  path: Assets/Scripts/MAOStaticCom.cs
  artifactKey: Guid(fd045665e625aad45ac42f6c09087c88) Importer(815301076,1909f56bfc062723c751e8b465ee728b)
Start importing Assets/Scripts/MAOStaticCom.cs using Guid(fd045665e625aad45ac42f6c09087c88) Importer(815301076,1909f56bfc062723c751e8b465ee728b)  -> (artifact id: '19b1b0cf918ec18eaddd7995b04152ca') in 0.001932 seconds 
  Import took 0.005720 seconds .

========================================================================
Received Import Request.
  Time since last request: 8.908641 seconds.
  path: Assets/Scripts/MAOStaticCom.cs
  artifactKey: Guid(fd045665e625aad45ac42f6c09087c88) Importer(815301076,1909f56bfc062723c751e8b465ee728b)
Start importing Assets/Scripts/MAOStaticCom.cs using Guid(fd045665e625aad45ac42f6c09087c88) Importer(815301076,1909f56bfc062723c751e8b465ee728b)  -> (artifact id: 'a7b2daf7c66bad6d8c84b6c603c5c912') in 0.001768 seconds 
  Import took 0.005371 seconds .

========================================================================
Received Import Request.
  Time since last request: 12.183527 seconds.
  path: Assets/Scripts/MAOStaticCom.cs
  artifactKey: Guid(fd045665e625aad45ac42f6c09087c88) Importer(815301076,1909f56bfc062723c751e8b465ee728b)
Start importing Assets/Scripts/MAOStaticCom.cs using Guid(fd045665e625aad45ac42f6c09087c88) Importer(815301076,1909f56bfc062723c751e8b465ee728b)  -> (artifact id: '40f65ef4302fafa076de24fed40916e1') in 0.002288 seconds 
  Import took 0.005515 seconds .

========================================================================
Received Import Request.
  Time since last request: 7.418412 seconds.
  path: Assets/Scripts/MAOStaticCom.cs
  artifactKey: Guid(fd045665e625aad45ac42f6c09087c88) Importer(815301076,1909f56bfc062723c751e8b465ee728b)
Start importing Assets/Scripts/MAOStaticCom.cs using Guid(fd045665e625aad45ac42f6c09087c88) Importer(815301076,1909f56bfc062723c751e8b465ee728b)  -> (artifact id: 'b73de4f1bb9ebc2e7511b70d67ffe1c2') in 0.002033 seconds 
  Import took 0.005567 seconds .

========================================================================
Received Import Request.
  Time since last request: 11.876944 seconds.
  path: Assets/Scripts/MAOStaticCom.cs
  artifactKey: Guid(fd045665e625aad45ac42f6c09087c88) Importer(815301076,1909f56bfc062723c751e8b465ee728b)
Start importing Assets/Scripts/MAOStaticCom.cs using Guid(fd045665e625aad45ac42f6c09087c88) Importer(815301076,1909f56bfc062723c751e8b465ee728b)  -> (artifact id: '1dd1cae391bfcf0a8e5e6eace0808a68') in 0.001737 seconds 
  Import took 0.005061 seconds .

========================================================================
Received Import Request.
  Time since last request: 7.917174 seconds.
  path: Assets/Scripts/MAOStaticCom.cs
  artifactKey: Guid(fd045665e625aad45ac42f6c09087c88) Importer(815301076,1909f56bfc062723c751e8b465ee728b)
Start importing Assets/Scripts/MAOStaticCom.cs using Guid(fd045665e625aad45ac42f6c09087c88) Importer(815301076,1909f56bfc062723c751e8b465ee728b)  -> (artifact id: '34fa17f6bd777d1c18e15e8574aaac14') in 0.001862 seconds 
  Import took 0.005280 seconds .

========================================================================
Received Import Request.
  Time since last request: 111.216992 seconds.
  path: Assets/Scripts/MAOStaticCom.cs
  artifactKey: Guid(fd045665e625aad45ac42f6c09087c88) Importer(815301076,1909f56bfc062723c751e8b465ee728b)
Start importing Assets/Scripts/MAOStaticCom.cs using Guid(fd045665e625aad45ac42f6c09087c88) Importer(815301076,1909f56bfc062723c751e8b465ee728b)  -> (artifact id: 'de543ba3e8b3d3bf504618ae35b4385d') in 0.001697 seconds 
  Import took 0.004993 seconds .

========================================================================
Received Prepare
Registering precompiled user dll's ...
Registered in 0.005375 seconds.
Begin MonoManager ReloadAssembly
Native extension for WindowsStandalone target not found
Refreshing native plugins compatible for Editor in 0.54 ms, found 7 plugins.
Preloading 0 native plugins for Editor in 0.00 ms.
Mono: successfully reloaded assembly
- Completed reload, in  0.803 seconds
Domain Reload Profiling:
	ReloadAssembly (803ms)
		BeginReloadAssembly (99ms)
			ExecutionOrderSort (0ms)
			DisableScriptedObjects (3ms)
			BackupInstance (0ms)
			ReleaseScriptingObjects (0ms)
			CreateAndSetChildDomain (27ms)
		EndReloadAssembly (658ms)
			LoadAssemblies (65ms)
			RebuildTransferFunctionScriptingTraits (0ms)
			SetupTypeCache (189ms)
			ReleaseScriptCaches (1ms)
			RebuildScriptCaches (29ms)
			SetupLoadedEditorAssemblies (290ms)
				LogAssemblyErrors (0ms)
				InitializePlatformSupportModulesInManaged (3ms)
				SetLoadedEditorAssemblies (1ms)
				RefreshPlugins (1ms)
				BeforeProcessingInitializeOnLoad (60ms)
				ProcessInitializeOnLoadAttributes (212ms)
				ProcessInitializeOnLoadMethodAttributes (8ms)
				AfterProcessingInitializeOnLoad (5ms)
				EditorAssembliesLoaded (0ms)
			ExecutionOrderSort2 (0ms)
			AwakeInstancesAfterBackupRestoration (6ms)
Platform modules already initialized, skipping
Refreshing native plugins compatible for Editor in 0.52 ms, found 7 plugins.
Preloading 0 native plugins for Editor in 0.00 ms.
Unloading 2301 Unused Serialized files (Serialized files now loaded: 0)
System memory in use before: 105.2 MB.
System memory in use after: 105.4 MB.

Unloading 30 unused Assets to reduce memory usage. Loaded Objects now: 2769.
Total: 2.714600 ms (FindLiveObjects: 0.161900 ms CreateObjectMapping: 0.050200 ms MarkObjects: 2.480300 ms  DeleteObjects: 0.021500 ms)

AssetImportParameters requested are different than current active one (requested -> active):
  custom:framework-win-MediaFoundation: 216162199b28c13a410421893ffa2e32 -> 
  custom:video-decoder-ogg-theora: a1e56fd34408186e4bbccfd4996cb3dc -> 
  custom:container-muxer-webm: aa71ff27fc2769a1b78a27578f13a17b -> 
  custom:container-demuxer-webm: 4f35f7cbe854078d1ac9338744f61a02 -> 
  custom:container-demuxer-ogg: 62fdf1f143b41e24485cea50d1cbac27 -> 
  custom:video-encoder-webm-vp8: eb34c28f22e8b96e1ab97ce403110664 -> 
  custom:video-decoder-webm-vp8: 9c59270c3fd7afecdb556c50c9e8de78 -> 
  custom:audio-decoder-ogg-vorbis: bf7c407c2cedff20999df2af8eb42d56 -> 
  custom:audio-encoder-webm-vorbis: bf7c407c2cedff20999df2af8eb42d56 -> 
========================================================================
Received Import Request.
  Time since last request: 11.112075 seconds.
  path: Assets/Scripts/NebulaStaticCom.cs
  artifactKey: Guid(fd045665e625aad45ac42f6c09087c88) Importer(815301076,1909f56bfc062723c751e8b465ee728b)
Start importing Assets/Scripts/NebulaStaticCom.cs using Guid(fd045665e625aad45ac42f6c09087c88) Importer(815301076,1909f56bfc062723c751e8b465ee728b)  -> (artifact id: '7fb1b9e04aa49e2edae2a128668178d8') in 0.008153 seconds 
  Import took 0.012080 seconds .

========================================================================
Received Prepare
Registering precompiled user dll's ...
Registered in 0.004655 seconds.
Begin MonoManager ReloadAssembly
Native extension for WindowsStandalone target not found
Refreshing native plugins compatible for Editor in 0.58 ms, found 7 plugins.
Preloading 0 native plugins for Editor in 0.00 ms.
Mono: successfully reloaded assembly
- Completed reload, in  0.894 seconds
Domain Reload Profiling:
	ReloadAssembly (894ms)
		BeginReloadAssembly (98ms)
			ExecutionOrderSort (0ms)
			DisableScriptedObjects (3ms)
			BackupInstance (0ms)
			ReleaseScriptingObjects (0ms)
			CreateAndSetChildDomain (30ms)
		EndReloadAssembly (705ms)
			LoadAssemblies (70ms)
			RebuildTransferFunctionScriptingTraits (0ms)
			SetupTypeCache (223ms)
			ReleaseScriptCaches (1ms)
			RebuildScriptCaches (27ms)
			SetupLoadedEditorAssemblies (294ms)
				LogAssemblyErrors (0ms)
				InitializePlatformSupportModulesInManaged (3ms)
				SetLoadedEditorAssemblies (1ms)
				RefreshPlugins (1ms)
				BeforeProcessingInitializeOnLoad (64ms)
				ProcessInitializeOnLoadAttributes (215ms)
				ProcessInitializeOnLoadMethodAttributes (7ms)
				AfterProcessingInitializeOnLoad (4ms)
				EditorAssembliesLoaded (0ms)
			ExecutionOrderSort2 (0ms)
			AwakeInstancesAfterBackupRestoration (7ms)
Platform modules already initialized, skipping
Refreshing native plugins compatible for Editor in 0.55 ms, found 7 plugins.
Preloading 0 native plugins for Editor in 0.00 ms.
Unloading 2301 Unused Serialized files (Serialized files now loaded: 0)
System memory in use before: 105.2 MB.
System memory in use after: 105.4 MB.

Unloading 30 unused Assets to reduce memory usage. Loaded Objects now: 2772.
Total: 2.583200 ms (FindLiveObjects: 0.201800 ms CreateObjectMapping: 0.062100 ms MarkObjects: 2.297200 ms  DeleteObjects: 0.021300 ms)

AssetImportParameters requested are different than current active one (requested -> active):
  custom:framework-win-MediaFoundation: 216162199b28c13a410421893ffa2e32 -> 
  custom:video-decoder-ogg-theora: a1e56fd34408186e4bbccfd4996cb3dc -> 
  custom:container-muxer-webm: aa71ff27fc2769a1b78a27578f13a17b -> 
  custom:container-demuxer-webm: 4f35f7cbe854078d1ac9338744f61a02 -> 
  custom:container-demuxer-ogg: 62fdf1f143b41e24485cea50d1cbac27 -> 
  custom:video-encoder-webm-vp8: eb34c28f22e8b96e1ab97ce403110664 -> 
  custom:video-decoder-webm-vp8: 9c59270c3fd7afecdb556c50c9e8de78 -> 
  custom:audio-decoder-ogg-vorbis: bf7c407c2cedff20999df2af8eb42d56 -> 
  custom:audio-encoder-webm-vorbis: bf7c407c2cedff20999df2af8eb42d56 -> 
AssetImportWorkerClient::OnTransportError - code=2 error=End of file
